[DEBUG 2018-08-31 22:11:43]cookies: {'PPY_AFFSESSID1': 's%3AYC2YCWP7JzDtDheX3QBkhlPA.vCFjK9XxSVlq5ZmAZEJyGW15bLG47i31aKG%2FSwBuORE'}
[INFO 2019-05-07 16:23:13]初始化配置文件, path=/Users/wangjuan/workpace/API_Automation/Conf/config.ini
[INFO 2019-05-07 16:23:13]执行用例集为：--allure_features=Home,Personal
[INFO 2019-05-07 16:24:01]初始化配置文件, path=/Users/wangjuan/workpace/API_Automation/Conf/config.ini
[INFO 2019-05-07 16:24:01]执行用例集为：--allure_features=Home,Personal
[INFO 2019-05-07 16:24:19]初始化配置文件, path=/Users/wangjuan/workpace/API_Automation/Conf/config.ini
[INFO 2019-05-07 16:24:19]执行用例集为：--allure_features=Home,Personal
[INFO 2019-05-07 16:25:42]初始化配置文件, path=/Users/wangjuan/workpace/API_Automation/Conf/config.ini
[INFO 2019-05-07 16:25:42]执行用例集为：--allure_features=Home,Personal
[INFO 2019-05-07 16:26:28]初始化配置文件, path=/Users/wangjuan/workpace/API_Automation/Conf/config.ini
[INFO 2019-05-07 16:26:28]执行用例集为：--allure_features=Home,Personal
[INFO 2019-05-07 16:27:08]初始化配置文件, path=/Users/wangjuan/workpace/API_Automation/Conf/config.ini
[INFO 2019-05-07 16:27:08]执行用例集为：--allure_features=Home,Personal
[INFO 2019-05-07 16:27:09]解析yaml, Path:/Users/wangjuan/workpace/API_Automation/Params/Yaml/Basic.yaml
[INFO 2019-05-07 16:27:09]解析yaml, Path:/Users/wangjuan/workpace/API_Automation/Params/Yaml/Collections.yaml
[INFO 2019-05-07 16:27:09]解析yaml, Path:/Users/wangjuan/workpace/API_Automation/Params/Yaml/Personal.yaml
[INFO 2019-05-07 16:27:09]解析yaml, Path:/Users/wangjuan/workpace/API_Automation/Params/Yaml/Login.yaml
[INFO 2019-05-07 16:27:09]解析yaml, Path:/Users/wangjuan/workpace/API_Automation/Params/Yaml/Basic.yaml
[INFO 2019-05-07 16:27:09]解析yaml, Path:/Users/wangjuan/workpace/API_Automation/Params/Yaml/Collections.yaml
[INFO 2019-05-07 16:27:09]解析yaml, Path:/Users/wangjuan/workpace/API_Automation/Params/Yaml/Personal.yaml
[INFO 2019-05-07 16:27:09]解析yaml, Path:/Users/wangjuan/workpace/API_Automation/Params/Yaml/Login.yaml
[INFO 2019-05-07 16:27:09]解析yaml, Path:/Users/wangjuan/workpace/API_Automation/Params/Yaml/Basic.yaml
[INFO 2019-05-07 16:27:09]解析yaml, Path:/Users/wangjuan/workpace/API_Automation/Params/Yaml/Collections.yaml
[INFO 2019-05-07 16:27:09]解析yaml, Path:/Users/wangjuan/workpace/API_Automation/Params/Yaml/Personal.yaml
[INFO 2019-05-07 16:27:09]解析yaml, Path:/Users/wangjuan/workpace/API_Automation/Params/Yaml/Login.yaml
[ERROR 2019-05-07 16:27:15]邮件发送失败，请检查邮件配置
[INFO 2019-05-07 16:28:14]初始化配置文件, path=/Users/wangjuan/workpace/API_Automation/Conf/config.ini
[INFO 2019-05-07 16:28:14]执行用例集为：--allure_features=Home,Personal
[INFO 2019-05-07 16:28:15]解析yaml, Path:/Users/wangjuan/workpace/API_Automation/Params/Yaml/Basic.yaml
[INFO 2019-05-07 16:28:15]解析yaml, Path:/Users/wangjuan/workpace/API_Automation/Params/Yaml/Collections.yaml
[INFO 2019-05-07 16:28:15]解析yaml, Path:/Users/wangjuan/workpace/API_Automation/Params/Yaml/Personal.yaml
[INFO 2019-05-07 16:28:15]解析yaml, Path:/Users/wangjuan/workpace/API_Automation/Params/Yaml/Login.yaml
[INFO 2019-05-07 16:28:16]解析yaml, Path:/Users/wangjuan/workpace/API_Automation/Params/Yaml/Basic.yaml
[INFO 2019-05-07 16:28:16]解析yaml, Path:/Users/wangjuan/workpace/API_Automation/Params/Yaml/Collections.yaml
[INFO 2019-05-07 16:28:16]解析yaml, Path:/Users/wangjuan/workpace/API_Automation/Params/Yaml/Personal.yaml
[INFO 2019-05-07 16:28:16]解析yaml, Path:/Users/wangjuan/workpace/API_Automation/Params/Yaml/Login.yaml
[INFO 2019-05-07 16:28:16]解析yaml, Path:/Users/wangjuan/workpace/API_Automation/Params/Yaml/Basic.yaml
[INFO 2019-05-07 16:28:16]解析yaml, Path:/Users/wangjuan/workpace/API_Automation/Params/Yaml/Collections.yaml
[INFO 2019-05-07 16:28:16]解析yaml, Path:/Users/wangjuan/workpace/API_Automation/Params/Yaml/Personal.yaml
[INFO 2019-05-07 16:28:16]解析yaml, Path:/Users/wangjuan/workpace/API_Automation/Params/Yaml/Login.yaml
[ERROR 2019-05-07 16:28:20]邮件发送失败，请检查邮件配置
[INFO 2019-05-07 16:30:37]初始化配置文件, path=/Users/wangjuan/workpace/API_Automation/Conf/config.ini
[INFO 2019-05-07 16:30:37]执行用例集为：--allure_features=Home,Personal
[INFO 2019-05-07 16:30:39]解析yaml, Path:/Users/wangjuan/workpace/API_Automation/Params/Yaml/Basic.yaml
[INFO 2019-05-07 16:30:39]解析yaml, Path:/Users/wangjuan/workpace/API_Automation/Params/Yaml/Collections.yaml
[INFO 2019-05-07 16:30:39]解析yaml, Path:/Users/wangjuan/workpace/API_Automation/Params/Yaml/Personal.yaml
[ERROR 2019-05-07 16:30:44]邮件发送失败，请检查邮件配置
[INFO 2019-05-07 16:31:07]初始化配置文件, path=/Users/wangjuan/workpace/API_Automation/Conf/config.ini
[INFO 2019-05-07 16:31:07]执行用例集为：--allure_features=Home,Personal
[INFO 2019-05-07 16:31:35]初始化配置文件, path=/Users/wangjuan/workpace/API_Automation/Conf/config.ini
[INFO 2019-05-07 16:31:35]执行用例集为：--allure_features=Home,Personal
[INFO 2019-05-07 17:04:49]初始化配置文件, path=/Users/wangjuan/workpace/API_Automation/Conf/config.ini
[INFO 2019-05-07 17:04:49]执行用例集为：--allure_features=Home,Personal
[INFO 2019-05-07 17:04:50]解析yaml, Path:/Users/wangjuan/workpace/API_Automation/Params/Yaml/Basic.yaml
[INFO 2019-05-07 17:04:50]解析yaml, Path:/Users/wangjuan/workpace/API_Automation/Params/Yaml/Collections.yaml
[INFO 2019-05-07 17:04:50]解析yaml, Path:/Users/wangjuan/workpace/API_Automation/Params/Yaml/Personal.yaml
[ERROR 2019-05-07 17:04:57]邮件发送失败，请检查邮件配置
[INFO 2019-06-03 16:33:16]初始化配置文件, path=/Users/wangjuan/workpace/API_Automation/Conf/config.ini
[INFO 2019-06-03 16:33:16]执行用例集为：--allure_features=Home,Personal
[INFO 2019-06-03 16:33:20]解析yaml, Path:/Users/wangjuan/workpace/API_Automation/Params/Yaml/Basic.yaml
[ERROR 2019-06-03 16:33:25]邮件发送失败，请检查邮件配置
[INFO 2019-07-08 17:08:55]初始化配置文件, path=D:\PycharmProjects\API_Automation\Conf\config.ini
[ERROR 2019-07-08 17:08:59]邮件发送失败，请检查邮件配置
[ERROR 2019-07-08 17:08:59]发送邮件失败，请检查邮件配置
[INFO 2019-07-08 17:12:13]初始化配置文件, path=D:\PycharmProjects\API_Automation\Conf\config.ini
[ERROR 2019-07-08 17:12:14]邮件发送失败，请检查邮件配置
[INFO 2019-07-08 17:15:35]初始化配置文件, path=D:\PycharmProjects\API_Automation\Conf\config.ini
[ERROR 2019-07-08 17:15:37]邮件发送失败，请检查邮件配置
[INFO 2019-07-08 17:20:25]初始化配置文件, path=D:\PycharmProjects\API_Automation\Conf\config.ini
[INFO 2019-07-08 17:20:27]邮件发送成功
[INFO 2019-07-08 17:23:34]初始化配置文件, path=D:\PycharmProjects\API_Automation\Conf\config.ini
[INFO 2019-07-08 17:23:37]邮件发送成功
[INFO 2019-07-08 18:23:13]初始化配置文件, path=D:\PycharmProjects\API_Automation\Conf\config.ini
[INFO 2019-07-08 18:23:15]邮件发送成功
[INFO 2019-07-08 18:27:24]初始化配置文件, path=D:\PycharmProjects\API_Automation\Conf\config.ini
[INFO 2019-07-08 18:27:26]邮件发送成功
[INFO 2019-07-08 18:38:12]初始化配置文件, path=D:\PycharmProjects\API_Automation\Conf\config.ini
[INFO 2019-07-08 18:38:14]邮件发送成功
[INFO 2019-07-08 18:40:34]初始化配置文件, path=D:\PycharmProjects\API_Automation\Conf\config.ini
[INFO 2019-07-08 18:40:36]邮件发送成功
[INFO 2019-07-09 09:13:19]初始化配置文件, path=D:\PycharmProjects\API_Automation\Conf\config.ini
[INFO 2019-07-09 09:13:21]邮件发送成功
[INFO 2019-07-09 09:31:07]初始化配置文件, path=D:\PycharmProjects\API_Automation\Conf\config.ini
[INFO 2019-07-09 09:31:09]邮件发送成功
[INFO 2019-07-09 09:54:48]初始化配置文件, path=D:\PycharmProjects\API_Automation\Conf\config.ini
[INFO 2019-07-09 09:54:48]解析yaml, Path:D:\PycharmProjects\API_Automation/Params/Yaml/Basic.yaml
[INFO 2019-07-09 09:54:51]邮件发送成功
[INFO 2019-07-09 14:12:45]初始化配置文件, path=D:\PycharmProjects\API_Automation\Conf\config.ini
[INFO 2019-07-09 14:12:46]解析yaml, Path:D:\PycharmProjects\API_Automation/Params/Yaml/Basic.yaml
[INFO 2019-07-09 14:12:48]邮件发送成功
[INFO 2019-07-09 14:21:11]初始化配置文件, path=D:\PycharmProjects\API_Automation\Conf\config.ini
[INFO 2019-07-09 14:21:13]邮件发送成功
[INFO 2019-07-09 14:56:09]初始化配置文件, path=D:\PycharmProjects\API_Automation\Conf\config.ini
[INFO 2019-07-09 14:56:11]邮件发送成功
[INFO 2019-07-09 15:56:02]解析yaml, Path:D:\PycharmProjects\API_Automation/Params/Yaml/Basic.yaml
[INFO 2019-07-09 16:00:06]解析yaml, Path:D:\PycharmProjects\API_Automation/Params/Yaml/Basic.yaml
[INFO 2019-07-09 16:00:23]初始化配置文件, path=D:\PycharmProjects\API_Automation\Conf\config.ini
[INFO 2019-07-09 16:00:24]解析yaml, Path:D:\PycharmProjects\API_Automation/Params/Yaml/Basic.yaml
[INFO 2019-07-09 16:00:26]邮件发送成功
[INFO 2019-07-09 16:03:01]初始化配置文件, path=D:\PycharmProjects\API_Automation\Conf\config.ini
[INFO 2019-07-09 16:03:01]解析yaml, Path:D:\PycharmProjects\API_Automation/Params/Yaml/Basic.yaml
[INFO 2019-07-09 16:03:05]邮件发送成功
[INFO 2019-07-09 16:07:08]初始化配置文件, path=D:\PycharmProjects\API_Automation\Conf\config.ini
[INFO 2019-07-09 16:07:09]解析yaml, Path:D:\PycharmProjects\API_Automation/Params/Yaml/Basic.yaml
[INFO 2019-07-09 16:07:11]邮件发送成功
[INFO 2019-07-09 16:10:02]初始化配置文件, path=D:\PycharmProjects\API_Automation\Conf\config.ini
[INFO 2019-07-09 16:10:02]解析yaml, Path:D:\PycharmProjects\API_Automation/Params/Yaml/Basic.yaml
[INFO 2019-07-09 16:10:05]邮件发送成功
[INFO 2019-07-09 16:10:50]初始化配置文件, path=D:\PycharmProjects\API_Automation\Conf\config.ini
[INFO 2019-07-09 16:10:50]解析yaml, Path:D:\PycharmProjects\API_Automation/Params/Yaml/Basic.yaml
[INFO 2019-07-09 16:10:53]邮件发送成功
[INFO 2019-07-09 16:17:46]初始化配置文件, path=D:\PycharmProjects\API_Automation\Conf\config.ini
[INFO 2019-07-09 16:17:46]解析yaml, Path:D:\PycharmProjects\API_Automation/Params/Yaml/Basic.yaml
[INFO 2019-07-09 16:17:48]邮件发送成功
[INFO 2019-07-09 16:28:51]初始化配置文件, path=D:\PycharmProjects\API_Automation\Conf\config.ini
[INFO 2019-07-09 16:28:51]解析yaml, Path:D:\PycharmProjects\API_Automation/Params/Yaml/Basic.yaml
[INFO 2019-07-09 16:29:08]邮件发送成功
[INFO 2019-07-09 16:33:50]初始化配置文件, path=D:\PycharmProjects\API_Automation\Conf\config.ini
[INFO 2019-07-09 16:33:50]解析yaml, Path:D:\PycharmProjects\API_Automation/Params/Yaml/Basic.yaml
[INFO 2019-07-09 16:33:53]邮件发送成功
[INFO 2019-07-09 16:36:02]初始化配置文件, path=D:\PycharmProjects\API_Automation\Conf\config.ini
[INFO 2019-07-09 16:36:02]解析yaml, Path:D:\PycharmProjects\API_Automation/Params/Yaml/Basic.yaml
[INFO 2019-07-09 16:36:06]邮件发送成功
[INFO 2019-07-09 16:37:36]初始化配置文件, path=D:\PycharmProjects\API_Automation\Conf\config.ini
[INFO 2019-07-09 16:37:36]解析yaml, Path:D:\PycharmProjects\API_Automation/Params/Yaml/Basic.yaml
[INFO 2019-07-09 16:37:41]邮件发送成功
[INFO 2019-07-09 16:39:22]初始化配置文件, path=D:\PycharmProjects\API_Automation\Conf\config.ini
[INFO 2019-07-09 16:39:22]解析yaml, Path:D:\PycharmProjects\API_Automation/Params/Yaml/Basic.yaml
[INFO 2019-07-09 16:39:26]邮件发送成功
[INFO 2019-07-09 16:43:43]初始化配置文件, path=D:\PycharmProjects\API_Automation\Conf\config.ini
[INFO 2019-07-09 16:43:43]解析yaml, Path:D:\PycharmProjects\API_Automation/Params/Yaml/Basic.yaml
[INFO 2019-07-09 16:43:47]邮件发送成功
[INFO 2019-07-09 16:47:18]初始化配置文件, path=D:\PycharmProjects\API_Automation\Conf\config.ini
[INFO 2019-07-09 16:47:18]解析yaml, Path:D:\PycharmProjects\API_Automation/Params/Yaml/Basic.yaml
[INFO 2019-07-09 16:47:23]邮件发送成功
[INFO 2019-07-09 16:50:34]初始化配置文件, path=D:\PycharmProjects\API_Automation\Conf\config.ini
[INFO 2019-07-09 16:50:35]解析yaml, Path:D:\PycharmProjects\API_Automation/Params/Yaml/Basic.yaml
[INFO 2019-07-09 16:50:38]邮件发送成功
[INFO 2019-07-09 16:53:08]初始化配置文件, path=D:\PycharmProjects\API_Automation\Conf\config.ini
[INFO 2019-07-09 16:53:08]解析yaml, Path:D:\PycharmProjects\API_Automation/Params/Yaml/Basic.yaml
[INFO 2019-07-09 16:53:10]邮件发送成功
[INFO 2019-07-09 16:54:35]初始化配置文件, path=D:\PycharmProjects\API_Automation\Conf\config.ini
[INFO 2019-07-09 16:54:35]解析yaml, Path:D:\PycharmProjects\API_Automation/Params/Yaml/Basic.yaml
[INFO 2019-07-09 16:54:37]邮件发送成功
[INFO 2019-07-09 16:55:35]初始化配置文件, path=D:\PycharmProjects\API_Automation\Conf\config.ini
[INFO 2019-07-09 16:55:35]解析yaml, Path:D:\PycharmProjects\API_Automation/Params/Yaml/Basic.yaml
[INFO 2019-07-09 16:55:37]邮件发送成功
[INFO 2019-07-09 16:56:25]初始化配置文件, path=D:\PycharmProjects\API_Automation\Conf\config.ini
[INFO 2019-07-09 16:56:25]解析yaml, Path:D:\PycharmProjects\API_Automation/Params/Yaml/Basic.yaml
[INFO 2019-07-09 16:56:29]邮件发送成功
[INFO 2019-07-09 16:58:22]解析yaml, Path:D:\PycharmProjects\API_Automation/Params/Yaml/Basic.yaml
[INFO 2019-07-09 17:01:26]解析yaml, Path:D:\PycharmProjects\API_Automation/Params/Yaml/Basic.yaml
[INFO 2019-07-09 17:04:39]解析yaml, Path:D:\PycharmProjects\API_Automation/Params/Yaml/Basic.yaml
[INFO 2019-07-09 17:05:18]解析yaml, Path:D:\PycharmProjects\API_Automation/Params/Yaml/Basic.yaml
[INFO 2019-07-09 17:06:28]解析yaml, Path:D:\PycharmProjects\API_Automation/Params/Yaml/Basic.yaml
[INFO 2019-07-09 17:16:33]解析yaml, Path:D:\PycharmProjects\API_Automation/Params/Yaml/Basic.yaml
[INFO 2019-07-09 17:18:00]解析yaml, Path:D:\PycharmProjects\API_Automation/Params/Yaml/Basic.yaml
[INFO 2019-07-09 17:19:21]解析yaml, Path:D:\PycharmProjects\API_Automation/Params/Yaml/Basic.yaml
[INFO 2019-07-09 17:20:10]解析yaml, Path:D:\PycharmProjects\API_Automation/Params/Yaml/Basic.yaml
[INFO 2019-07-09 17:20:57]解析yaml, Path:D:\PycharmProjects\API_Automation/Params/Yaml/Basic.yaml
[INFO 2019-07-09 17:24:51]解析yaml, Path:D:\PycharmProjects\API_Automation/Params/Yaml/Basic.yaml
[ERROR 2019-07-09 17:24:52]Response body msg != expected_msg, expected_msg is wujiali, body_msg is wujiali
[INFO 2019-07-09 17:26:38]解析yaml, Path:D:\PycharmProjects\API_Automation/Params/Yaml/Basic.yaml
[ERROR 2019-07-09 17:26:40]Response body msg != expected_msg, expected_msg is wujiali, body_msg is wujiali
[INFO 2019-07-09 17:28:04]解析yaml, Path:D:\PycharmProjects\API_Automation/Params/Yaml/Basic.yaml
[INFO 2019-07-09 17:28:27]解析yaml, Path:D:\PycharmProjects\API_Automation/Params/Yaml/Basic.yaml
[ERROR 2019-07-09 17:28:28]Response time > expected_time, expected_time is 100, time is 994641
[INFO 2019-07-09 17:29:36]解析yaml, Path:D:\PycharmProjects\API_Automation/Params/Yaml/Basic.yaml
[ERROR 2019-07-09 17:29:37]Response time > expected_time, expected_time is 1000, time is 65075
[INFO 2019-07-09 17:34:58]解析yaml, Path:D:\PycharmProjects\API_Automation/Params/Yaml/Basic.yaml
[INFO 2019-07-09 17:41:40]初始化配置文件, path=D:\PycharmProjects\API_Automation\Conf\config.ini
[INFO 2019-07-09 17:41:41]解析yaml, Path:D:\PycharmProjects\API_Automation/Params/Yaml/Basic.yaml
[ERROR 2019-07-09 17:41:42]Response time > expected_time, expected_time is 100, time is 278743
[INFO 2019-07-09 17:41:44]邮件发送成功
[INFO 2019-07-09 17:47:50]解析yaml, Path:D:\PycharmProjects\API_Automation/Params/Yaml/Basic.yaml
[INFO 2019-07-09 17:48:01]初始化配置文件, path=D:\PycharmProjects\API_Automation\Conf\config.ini
[INFO 2019-07-09 17:48:01]解析yaml, Path:D:\PycharmProjects\API_Automation/Params/Yaml/Basic.yaml
[INFO 2019-07-09 17:48:08]邮件发送成功
[INFO 2019-07-09 17:49:24]初始化配置文件, path=D:\PycharmProjects\API_Automation\Conf\config.ini
[INFO 2019-07-09 17:49:25]解析yaml, Path:D:\PycharmProjects\API_Automation/Params/Yaml/Basic.yaml
[INFO 2019-07-09 17:49:28]邮件发送成功
[INFO 2019-07-09 17:50:22]初始化配置文件, path=D:\PycharmProjects\API_Automation\Conf\config.ini
[INFO 2019-07-09 17:50:22]解析yaml, Path:D:\PycharmProjects\API_Automation/Params/Yaml/Basic.yaml
[INFO 2019-07-09 17:50:25]邮件发送成功
[INFO 2019-07-09 17:55:56]初始化配置文件, path=D:\PycharmProjects\API_Automation\Conf\config.ini
[INFO 2019-07-09 17:55:57]解析yaml, Path:D:\PycharmProjects\API_Automation/Params/Yaml/Basic.yaml
[INFO 2019-07-09 17:56:01]邮件发送成功
[INFO 2019-07-09 18:30:46]初始化配置文件, path=D:\PycharmProjects\API_Automation\Conf\config.ini
[INFO 2019-07-09 18:30:46]解析yaml, Path:D:\PycharmProjects\API_Automation/Params/Yaml/Basic.yaml
[INFO 2019-07-09 18:32:08]初始化配置文件, path=D:\PycharmProjects\API_Automation\Conf\config.ini
[INFO 2019-07-09 18:32:08]解析yaml, Path:D:\PycharmProjects\API_Automation/Params/Yaml/Basic.yaml
[INFO 2019-07-09 18:37:34]初始化配置文件, path=D:\PycharmProjects\API_Automation\Conf\config.ini
[INFO 2019-07-09 18:37:34]解析yaml, Path:D:\PycharmProjects\API_Automation/Params/Yaml/Basic.yaml
[INFO 2019-07-09 18:37:37]邮件发送成功
[INFO 2019-07-09 18:42:04]初始化配置文件, path=D:\PycharmProjects\API_Automation\Conf\config.ini
[INFO 2019-07-09 18:42:04]解析yaml, Path:D:\PycharmProjects\API_Automation/Params/Yaml/Basic.yaml
[INFO 2019-07-09 18:42:11]邮件发送成功
[INFO 2019-07-09 18:43:35]初始化配置文件, path=D:\PycharmProjects\API_Automation\Conf\config.ini
[INFO 2019-07-09 18:43:35]解析yaml, Path:D:\PycharmProjects\API_Automation/Params/Yaml/Basic.yaml
[INFO 2019-07-09 18:45:08]初始化配置文件, path=D:\PycharmProjects\API_Automation\Conf\config.ini
[INFO 2019-07-09 18:45:08]解析yaml, Path:D:\PycharmProjects\API_Automation/Params/Yaml/Basic.yaml
[INFO 2019-07-09 18:46:34]初始化配置文件, path=D:\PycharmProjects\API_Automation\Conf\config.ini
[INFO 2019-07-09 18:46:34]解析yaml, Path:D:\PycharmProjects\API_Automation/Params/Yaml/Basic.yaml
[INFO 2019-07-09 18:46:38]初始化配置文件, path=D:\PycharmProjects\API_Automation\Conf\config.ini
[INFO 2019-07-09 18:46:39]解析yaml, Path:D:\PycharmProjects\API_Automation/Params/Yaml/Basic.yaml
[INFO 2019-07-09 18:47:06]初始化配置文件, path=D:\PycharmProjects\API_Automation\Conf\config.ini
[INFO 2019-07-09 18:47:06]解析yaml, Path:D:\PycharmProjects\API_Automation/Params/Yaml/Basic.yaml
[INFO 2019-07-09 18:47:12]邮件发送成功
[INFO 2019-07-09 18:47:38]初始化配置文件, path=D:\PycharmProjects\API_Automation\Conf\config.ini
[INFO 2019-07-09 18:54:11]初始化配置文件, path=D:\PycharmProjects\API_Automation\Conf\config.ini
[INFO 2019-07-09 18:54:11]解析yaml, Path:D:\PycharmProjects\API_Automation/Params/Yaml/Basic.yaml
[INFO 2019-07-09 18:54:19]邮件发送成功
[INFO 2019-07-09 18:56:04]初始化配置文件, path=D:\PycharmProjects\API_Automation\Conf\config.ini
[INFO 2019-07-09 18:56:04]解析yaml, Path:D:\PycharmProjects\API_Automation/Params/Yaml/Basic.yaml
[INFO 2019-07-09 18:56:11]邮件发送成功
[INFO 2019-07-09 18:57:14]初始化配置文件, path=D:\PycharmProjects\API_Automation\Conf\config.ini
[INFO 2019-07-09 18:57:14]解析yaml, Path:D:\PycharmProjects\API_Automation/Params/Yaml/Basic.yaml
[INFO 2019-07-09 18:57:20]邮件发送成功
[INFO 2019-07-09 18:58:52]初始化配置文件, path=D:\PycharmProjects\API_Automation\Conf\config.ini
[INFO 2019-07-09 18:58:52]解析yaml, Path:D:\PycharmProjects\API_Automation/Params/Yaml/Basic.yaml
[INFO 2019-07-09 18:59:01]邮件发送成功
[INFO 2019-07-09 19:04:01]初始化配置文件, path=D:\PycharmProjects\API_Automation\Conf\config.ini
[INFO 2019-07-09 19:04:02]解析yaml, Path:D:\PycharmProjects\API_Automation/Params/Yaml/Basic.yaml
[INFO 2019-07-09 19:04:05]邮件发送成功
[INFO 2019-07-09 19:06:11]初始化配置文件, path=D:\PycharmProjects\API_Automation\Conf\config.ini
[INFO 2019-07-09 19:06:14]邮件发送成功
[INFO 2019-07-09 19:08:33]初始化配置文件, path=D:\PycharmProjects\API_Automation\Conf\config.ini
[INFO 2019-07-09 19:08:33]解析yaml, Path:D:\PycharmProjects\API_Automation/Params/Yaml/Basic.yaml
[INFO 2019-07-09 19:08:40]邮件发送成功
[INFO 2019-07-09 19:10:28]初始化配置文件, path=D:\PycharmProjects\API_Automation\Conf\config.ini
[INFO 2019-07-09 19:10:29]解析yaml, Path:D:\PycharmProjects\API_Automation/Params/Yaml/Basic.yaml
[INFO 2019-07-09 19:10:32]邮件发送成功
[INFO 2019-07-09 19:13:00]初始化配置文件, path=D:\PycharmProjects\API_Automation\Conf\config.ini
[INFO 2019-07-09 19:13:00]解析yaml, Path:D:\PycharmProjects\API_Automation/Params/Yaml/Basic.yaml
[INFO 2019-07-09 19:13:07]邮件发送成功
[INFO 2019-07-10 09:17:52]初始化配置文件, path=D:\PycharmProjects\API_Automation\Conf\config.ini
[INFO 2019-07-10 09:17:57]邮件发送成功
[INFO 2019-07-10 09:24:35]初始化配置文件, path=D:\PycharmProjects\API_Automation\Conf\config.ini
[INFO 2019-07-10 09:24:43]邮件发送成功
[INFO 2019-07-10 10:04:57]初始化配置文件, path=D:\PycharmProjects\API_Automation\Conf\config.ini
[INFO 2019-07-10 10:04:57]解析yaml, Path:D:\PycharmProjects\API_Automation/Params/Yaml/Basic.yaml
[INFO 2019-07-10 10:05:05]邮件发送成功
[INFO 2019-07-10 10:16:59]初始化配置文件, path=D:\PycharmProjects\API_Automation\Conf\config.ini
[INFO 2019-07-10 10:16:59]解析yaml, Path:D:\PycharmProjects\API_Automation/Params/Yaml/Basic.yaml
[INFO 2019-07-10 10:17:05]邮件发送成功
[INFO 2019-07-10 10:18:27]初始化配置文件, path=D:\PycharmProjects\API_Automation\Conf\config.ini
[INFO 2019-07-10 10:18:27]解析yaml, Path:D:\PycharmProjects\API_Automation/Params/Yaml/Basic.yaml
[INFO 2019-07-10 10:18:34]邮件发送成功
[INFO 2019-07-10 10:20:32]初始化配置文件, path=D:\PycharmProjects\API_Automation\Conf\config.ini
[INFO 2019-07-10 10:20:32]解析yaml, Path:D:\PycharmProjects\API_Automation/Params/Yaml/Basic.yaml
[INFO 2019-07-10 10:20:37]邮件发送成功
[INFO 2019-07-10 10:22:01]初始化配置文件, path=D:\PycharmProjects\API_Automation\Conf\config.ini
[INFO 2019-07-10 10:22:02]解析yaml, Path:D:\PycharmProjects\API_Automation/Params/Yaml/Basic.yaml
[INFO 2019-07-10 10:22:09]邮件发送成功
[INFO 2019-07-11 18:33:04]初始化配置文件, path=D:\PycharmProjects\API_Automation\Conf\config.ini
[INFO 2019-07-11 18:33:04]解析yaml, Path:D:\PycharmProjects\API_Automation/Params/Yaml/Basic.yaml
[INFO 2019-07-11 18:33:07]邮件发送成功
[INFO 2019-07-11 18:34:55]初始化配置文件, path=D:\PycharmProjects\API_Automation\Conf\config.ini
[INFO 2019-07-11 18:34:55]解析yaml, Path:D:\PycharmProjects\API_Automation/Params/Yaml/Basic.yaml
[DEBUG 2019-07-11 18:34:56]cookies: {}
[INFO 2019-07-11 18:34:59]邮件发送成功
[INFO 2019-07-11 18:36:37]初始化配置文件, path=D:\PycharmProjects\API_Automation\Conf\config.ini
[INFO 2019-07-11 18:36:37]解析yaml, Path:D:\PycharmProjects\API_Automation/Params/Yaml/Basic.yaml
[DEBUG 2019-07-11 18:36:39]cookies: {}
[INFO 2019-07-11 18:36:42]邮件发送成功
[INFO 2019-07-11 18:37:33]解析yaml, Path:D:\PycharmProjects\API_Automation/Params/Yaml/Basic.yaml
[DEBUG 2019-07-11 18:37:35]cookies: {}
[INFO 2019-07-11 18:40:07]解析yaml, Path:D:\PycharmProjects\API_Automation/Params/Yaml/Basic.yaml
[DEBUG 2019-07-11 18:40:08]cookies: {}
[INFO 2019-07-11 18:41:55]初始化配置文件, path=D:\PycharmProjects\API_Automation\Conf\config.ini
[INFO 2019-07-11 18:41:56]解析yaml, Path:D:\PycharmProjects\API_Automation/Params/Yaml/Basic.yaml
[DEBUG 2019-07-11 18:41:57]cookies: {}
[INFO 2019-07-11 18:42:46]初始化配置文件, path=D:\PycharmProjects\API_Automation\Conf\config.ini
[INFO 2019-07-11 18:42:46]解析yaml, Path:D:\PycharmProjects\API_Automation/Params/Yaml/Basic.yaml
[DEBUG 2019-07-11 18:42:47]cookies: {}
[INFO 2019-07-12 13:56:43]初始化配置文件, path=D:\PycharmProjects\API_Automation\Conf\config.ini
[INFO 2019-07-12 13:56:46]邮件发送成功
[INFO 2019-07-12 13:57:39]初始化配置文件, path=D:\PycharmProjects\API_Automation\Conf\config.ini
[INFO 2019-07-12 13:57:39]解析yaml, Path:D:\PycharmProjects\API_Automation/Params/Yaml/Basic.yaml
[INFO 2019-07-12 13:57:42]邮件发送成功
[INFO 2019-07-12 13:58:21]初始化配置文件, path=D:\PycharmProjects\API_Automation\Conf\config.ini
[INFO 2019-07-12 13:58:21]解析yaml, Path:D:\PycharmProjects\API_Automation/Params/Yaml/Basic.yaml
[INFO 2019-07-12 13:58:24]邮件发送成功
[INFO 2019-07-12 13:59:54]初始化配置文件, path=D:\PycharmProjects\API_Automation\Conf\config.ini
[INFO 2019-07-12 13:59:54]解析yaml, Path:D:\PycharmProjects\API_Automation/Params/Yaml/Basic.yaml
[INFO 2019-07-12 13:59:57]邮件发送成功
[INFO 2019-07-12 15:52:03]解析yaml, Path:D:\PycharmProjects\API_Automation/Params/Yaml/Basic.yaml
[INFO 2019-07-12 15:52:50]初始化配置文件, path=D:\PycharmProjects\API_Automation\Conf\config.ini
[INFO 2019-07-12 15:52:51]解析yaml, Path:D:\PycharmProjects\API_Automation/Params/Yaml/Basic.yaml
[INFO 2019-07-12 15:52:54]邮件发送成功
[INFO 2019-07-12 15:53:22]初始化配置文件, path=D:\PycharmProjects\API_Automation\Conf\config.ini
[INFO 2019-07-12 15:53:23]解析yaml, Path:D:\PycharmProjects\API_Automation/Params/Yaml/Basic.yaml
[INFO 2019-07-12 15:53:25]邮件发送成功
[INFO 2019-07-12 15:54:50]初始化配置文件, path=D:\PycharmProjects\API_Automation\Conf\config.ini
[INFO 2019-07-12 15:54:50]解析yaml, Path:D:\PycharmProjects\API_Automation/Params/Yaml/Basic.yaml
[INFO 2019-07-12 15:54:54]邮件发送成功
[INFO 2019-07-12 15:55:44]解析yaml, Path:D:\PycharmProjects\API_Automation/Params/Yaml/Basic.yaml
[INFO 2019-07-12 15:56:28]解析yaml, Path:D:\PycharmProjects\API_Automation/Params/Yaml/Basic.yaml
[INFO 2019-07-12 15:56:59]解析yaml, Path:D:\PycharmProjects\API_Automation/Params/Yaml/Basic.yaml
[INFO 2019-07-12 15:58:45]初始化配置文件, path=D:\PycharmProjects\API_Automation\Conf\config.ini
[INFO 2019-07-12 15:58:46]解析yaml, Path:D:\PycharmProjects\API_Automation/Params/Yaml/Basic.yaml
[INFO 2019-07-12 15:58:49]邮件发送成功
[INFO 2019-07-12 15:59:08]解析yaml, Path:D:\PycharmProjects\API_Automation/Params/Yaml/Basic.yaml
[INFO 2019-07-12 16:00:54]解析yaml, Path:D:\PycharmProjects\API_Automation/Params/Yaml/Basic.yaml
[INFO 2019-07-12 16:01:14]初始化配置文件, path=D:\PycharmProjects\API_Automation\Conf\config.ini
[INFO 2019-07-12 16:01:14]解析yaml, Path:D:\PycharmProjects\API_Automation/Params/Yaml/Basic.yaml
[INFO 2019-07-12 16:01:18]邮件发送成功
[INFO 2019-07-12 16:01:39]解析yaml, Path:D:\PycharmProjects\API_Automation/Params/Yaml/Basic.yaml
[INFO 2019-07-12 16:02:04]解析yaml, Path:D:\PycharmProjects\API_Automation/Params/Yaml/Basic.yaml
[INFO 2019-07-12 16:02:36]解析yaml, Path:D:\PycharmProjects\API_Automation/Params/Yaml/Basic.yaml
[INFO 2019-07-12 16:03:36]解析yaml, Path:D:\PycharmProjects\API_Automation/Params/Yaml/Basic.yaml
[INFO 2019-07-12 16:04:26]解析yaml, Path:D:\PycharmProjects\API_Automation/Params/Yaml/Basic.yaml
[INFO 2019-07-12 16:06:42]解析yaml, Path:D:\PycharmProjects\API_Automation/Params/Yaml/Basic.yaml
[INFO 2019-07-12 16:07:49]解析yaml, Path:D:\PycharmProjects\API_Automation/Params/Yaml/Basic.yaml
[INFO 2019-07-12 16:08:17]解析yaml, Path:D:\PycharmProjects\API_Automation/Params/Yaml/Basic.yaml
[INFO 2019-07-12 16:09:04]解析yaml, Path:D:\PycharmProjects\API_Automation/Params/Yaml/Basic.yaml
[INFO 2019-07-12 16:09:48]初始化配置文件, path=D:\PycharmProjects\API_Automation\Conf\config.ini
[INFO 2019-07-12 16:09:48]解析yaml, Path:D:\PycharmProjects\API_Automation/Params/Yaml/Basic.yaml
[INFO 2019-07-12 16:09:52]邮件发送成功
[INFO 2019-07-12 19:00:12]初始化配置文件, path=D:\PycharmProjects\API_Automation\Conf\config.ini
[INFO 2019-07-12 19:00:12]解析yaml, Path:D:\PycharmProjects\API_Automation/Params/Yaml/Basic.yaml
[INFO 2019-07-12 19:00:13]解析yaml, Path:D:\PycharmProjects\API_Automation/Params/Yaml/Product.yaml
[INFO 2019-07-12 19:00:13]解析yaml, Path:D:\PycharmProjects\API_Automation/Params/Yaml/Basic.yaml
[INFO 2019-07-12 19:00:13]解析yaml, Path:D:\PycharmProjects\API_Automation/Params/Yaml/Product.yaml
[INFO 2019-07-12 19:00:15]邮件发送成功
[INFO 2019-07-12 19:01:36]初始化配置文件, path=D:\PycharmProjects\API_Automation\Conf\config.ini
[INFO 2019-07-12 19:01:36]解析yaml, Path:D:\PycharmProjects\API_Automation/Params/Yaml/Basic.yaml
[INFO 2019-07-12 19:01:36]解析yaml, Path:D:\PycharmProjects\API_Automation/Params/Yaml/Product.yaml
[INFO 2019-07-12 19:01:36]解析yaml, Path:D:\PycharmProjects\API_Automation/Params/Yaml/Product.yaml
[INFO 2019-07-12 19:01:40]邮件发送成功
[INFO 2019-07-12 19:03:29]初始化配置文件, path=D:\PycharmProjects\API_Automation\Conf\config.ini
[INFO 2019-07-12 19:03:29]解析yaml, Path:D:\PycharmProjects\API_Automation/Params/Yaml/Basic.yaml
[INFO 2019-07-12 19:03:29]解析yaml, Path:D:\PycharmProjects\API_Automation/Params/Yaml/Product.yaml
[INFO 2019-07-12 19:03:29]解析yaml, Path:D:\PycharmProjects\API_Automation/Params/Yaml/Product.yaml
[INFO 2019-07-12 19:03:34]邮件发送成功
[INFO 2019-07-15 09:29:34]初始化配置文件, path=D:\PycharmProjects\API_Automation\Conf\config.ini
[INFO 2019-07-15 09:29:34]解析yaml, Path:D:\PycharmProjects\API_Automation/Params/Yaml/Basic.yaml
[INFO 2019-07-15 09:29:34]解析yaml, Path:D:\PycharmProjects\API_Automation/Params/Yaml/Product.yaml
[INFO 2019-07-15 09:29:34]解析yaml, Path:D:\PycharmProjects\API_Automation/Params/Yaml/Product.yaml
[INFO 2019-07-15 09:29:39]邮件发送成功
[INFO 2019-07-15 09:30:48]初始化配置文件, path=D:\PycharmProjects\API_Automation\Conf\config.ini
[INFO 2019-07-15 09:30:48]解析yaml, Path:D:\PycharmProjects\API_Automation/Params/Yaml/Basic.yaml
[INFO 2019-07-15 09:30:48]解析yaml, Path:D:\PycharmProjects\API_Automation/Params/Yaml/Product.yaml
[INFO 2019-07-15 09:30:48]解析yaml, Path:D:\PycharmProjects\API_Automation/Params/Yaml/Product.yaml
[INFO 2019-07-15 09:30:53]邮件发送成功
[INFO 2019-07-15 16:30:17]初始化配置文件, path=D:\PycharmProjects\API_Automation\Conf\config.ini
[INFO 2019-07-15 16:30:17]解析yaml, Path:D:\PycharmProjects\API_Automation/Params/Yaml/Basic.yaml
[INFO 2019-07-15 16:30:17]解析yaml, Path:D:\PycharmProjects\API_Automation/Params/Yaml/Product.yaml
[INFO 2019-07-15 16:30:17]解析yaml, Path:D:\PycharmProjects\API_Automation/Params/Yaml/Product.yaml
[INFO 2019-07-15 16:30:22]邮件发送成功
[INFO 2019-07-15 16:31:47]初始化配置文件, path=D:\PycharmProjects\API_Automation\Conf\config.ini
[INFO 2019-07-15 16:31:48]解析yaml, Path:D:\PycharmProjects\API_Automation/Params/Yaml/Basic.yaml
[INFO 2019-07-15 16:31:48]解析yaml, Path:D:\PycharmProjects\API_Automation/Params/Yaml/Product.yaml
[INFO 2019-07-15 16:31:48]解析yaml, Path:D:\PycharmProjects\API_Automation/Params/Yaml/Product.yaml
[INFO 2019-07-15 16:31:53]邮件发送成功
[INFO 2019-07-15 16:36:01]初始化配置文件, path=D:\PycharmProjects\API_Automation\Conf\config.ini
[INFO 2019-07-15 16:36:01]解析yaml, Path:D:\PycharmProjects\API_Automation/Params/Yaml/Basic.yaml
[INFO 2019-07-15 16:36:01]解析yaml, Path:D:\PycharmProjects\API_Automation/Params/Yaml/Product.yaml
[INFO 2019-07-15 16:36:01]解析yaml, Path:D:\PycharmProjects\API_Automation/Params/Yaml/Product.yaml
[INFO 2019-07-15 16:36:06]邮件发送成功
[INFO 2019-07-15 16:46:10]解析yaml, Path:D:\PycharmProjects\API_Automation/Params/Yaml/Basic.yaml
[INFO 2019-07-15 16:46:10]解析yaml, Path:D:\PycharmProjects\API_Automation/Params/Yaml/Product.yaml
[INFO 2019-07-15 16:46:10]解析yaml, Path:D:\PycharmProjects\API_Automation/Params/Yaml/Product.yaml
[INFO 2019-07-15 16:53:37]初始化配置文件, path=D:\PycharmProjects\API_Automation\Conf\config.ini
[INFO 2019-07-15 16:53:37]解析yaml, Path:D:\PycharmProjects\API_Automation/Params/Yaml/Basic.yaml
[INFO 2019-07-15 16:53:37]解析yaml, Path:D:\PycharmProjects\API_Automation/Params/Yaml/Product.yaml
[INFO 2019-07-15 16:53:37]解析yaml, Path:D:\PycharmProjects\API_Automation/Params/Yaml/Product.yaml
[DEBUG 2019-07-15 16:53:41]token: ZXlKMGVYQWlPaUpLVjFRaUxDSmhiR2NpT2lKSVV6STFOaUo5LmV5SnBaQ0k2TVN3aWRYTmxjbTVoYldVaU9pSjBiMjU1SWl3aVpYaHdhWEpsWkNJNk1UVTJNekU0TkRReU1IMC5mR1hxUEVZM19RdkFGSnZ4QUJXbk53TUlEVVYzZlJIV1NaZzdOR2diQl84
[DEBUG 2019-07-15 16:53:42]token: ZXlKMGVYQWlPaUpLVjFRaUxDSmhiR2NpT2lKSVV6STFOaUo5LmV5SnBaQ0k2TVN3aWRYTmxjbTVoYldVaU9pSjBiMjU1SWl3aVpYaHdhWEpsWkNJNk1UVTJNekU0TkRReU1YMC5meUJZRDNqSDFhLThwbDduNlE2MWhRMHJfMEpGTGtUYXFfZHp6Y3NpZTMw
[INFO 2019-07-15 16:53:45]邮件发送成功
[INFO 2019-07-15 16:54:08]解析yaml, Path:D:\PycharmProjects\API_Automation/Params/Yaml/Basic.yaml
[INFO 2019-07-15 16:54:08]解析yaml, Path:D:\PycharmProjects\API_Automation/Params/Yaml/Product.yaml
[INFO 2019-07-15 16:54:08]解析yaml, Path:D:\PycharmProjects\API_Automation/Params/Yaml/Product.yaml
[DEBUG 2019-07-15 16:54:10]token: ZXlKMGVYQWlPaUpLVjFRaUxDSmhiR2NpT2lKSVV6STFOaUo5LmV5SnBaQ0k2TVN3aWRYTmxjbTVoYldVaU9pSjBiMjU1SWl3aVpYaHdhWEpsWkNJNk1UVTJNekU0TkRRME9YMC4wOWs2MkpPb1BqQ2R6MG1KbzZBRVR6QnVab1pCM2N4UlVXYy11aVdBWTcw
[INFO 2019-07-15 16:56:47]解析yaml, Path:D:\PycharmProjects\API_Automation/Params/Yaml/Basic.yaml
[INFO 2019-07-15 16:56:47]解析yaml, Path:D:\PycharmProjects\API_Automation/Params/Yaml/Product.yaml
[INFO 2019-07-15 16:56:47]解析yaml, Path:D:\PycharmProjects\API_Automation/Params/Yaml/Product.yaml
[INFO 2019-07-15 16:57:54]解析yaml, Path:D:\PycharmProjects\API_Automation/Params/Yaml/Basic.yaml
[INFO 2019-07-15 16:57:54]解析yaml, Path:D:\PycharmProjects\API_Automation/Params/Yaml/Product.yaml
[INFO 2019-07-15 16:57:54]解析yaml, Path:D:\PycharmProjects\API_Automation/Params/Yaml/Product.yaml
[INFO 2019-07-15 16:58:45]解析yaml, Path:D:\PycharmProjects\API_Automation/Params/Yaml/Basic.yaml
[INFO 2019-07-15 16:58:45]解析yaml, Path:D:\PycharmProjects\API_Automation/Params/Yaml/Product.yaml
[INFO 2019-07-15 16:58:45]解析yaml, Path:D:\PycharmProjects\API_Automation/Params/Yaml/Product.yaml
[INFO 2019-07-15 16:58:50]解析yaml, Path:D:\PycharmProjects\API_Automation/Params/Yaml/Basic.yaml
[INFO 2019-07-15 16:58:50]解析yaml, Path:D:\PycharmProjects\API_Automation/Params/Yaml/Product.yaml
[INFO 2019-07-15 16:58:50]解析yaml, Path:D:\PycharmProjects\API_Automation/Params/Yaml/Product.yaml
[INFO 2019-07-15 17:01:29]解析yaml, Path:D:\PycharmProjects\API_Automation/Params/Yaml/Basic.yaml
[INFO 2019-07-15 17:01:29]解析yaml, Path:D:\PycharmProjects\API_Automation/Params/Yaml/Product.yaml
[INFO 2019-07-15 17:01:29]解析yaml, Path:D:\PycharmProjects\API_Automation/Params/Yaml/Product.yaml
[INFO 2019-07-15 17:03:25]解析yaml, Path:D:\PycharmProjects\API_Automation/Params/Yaml/Basic.yaml
[INFO 2019-07-15 17:03:25]解析yaml, Path:D:\PycharmProjects\API_Automation/Params/Yaml/Product.yaml
[INFO 2019-07-15 17:03:25]解析yaml, Path:D:\PycharmProjects\API_Automation/Params/Yaml/Product.yaml
[DEBUG 2019-07-15 17:03:26]token: ZXlKMGVYQWlPaUpLVjFRaUxDSmhiR2NpT2lKSVV6STFOaUo5LmV5SnBaQ0k2TVN3aWRYTmxjbTVoYldVaU9pSjBiMjU1SWl3aVpYaHdhWEpsWkNJNk1UVTJNekU0TlRBd05YMC4wQWlOWWxnV1prMloxTk16LUhZTE1PZC1LZzNoTEhTUTYwQ0hOcUNSOFpR
[INFO 2019-07-15 17:10:13]解析yaml, Path:D:\PycharmProjects\API_Automation/Params/Yaml/Basic.yaml
[INFO 2019-07-15 17:10:13]解析yaml, Path:D:\PycharmProjects\API_Automation/Params/Yaml/Product.yaml
[INFO 2019-07-15 17:10:13]解析yaml, Path:D:\PycharmProjects\API_Automation/Params/Yaml/Product.yaml
[DEBUG 2019-07-15 17:10:14]token: ZXlKMGVYQWlPaUpLVjFRaUxDSmhiR2NpT2lKSVV6STFOaUo5LmV5SnBaQ0k2TVN3aWRYTmxjbTVoYldVaU9pSjBiMjU1SWl3aVpYaHdhWEpsWkNJNk1UVTJNekU0TlRReE5IMC5rNlVzOE1UYXFGaC15cFdaRHF1X2Z5a1JuUjk5b0x1OWt4T2JzcmtNck4w
[INFO 2019-07-15 17:11:36]解析yaml, Path:D:\PycharmProjects\API_Automation/Params/Yaml/Basic.yaml
[INFO 2019-07-15 17:11:36]解析yaml, Path:D:\PycharmProjects\API_Automation/Params/Yaml/Product.yaml
[INFO 2019-07-15 17:11:36]解析yaml, Path:D:\PycharmProjects\API_Automation/Params/Yaml/Product.yaml
[DEBUG 2019-07-15 17:11:38]token: ZXlKMGVYQWlPaUpLVjFRaUxDSmhiR2NpT2lKSVV6STFOaUo5LmV5SnBaQ0k2TVN3aWRYTmxjbTVoYldVaU9pSjBiMjU1SWl3aVpYaHdhWEpsWkNJNk1UVTJNekU0TlRRNU4zMC5BYXR1cTRwU0N4Ml9DXzZOSXFfT3Z1QWo5ZUNJR2pWT0pEdlFFeWlDdnJB
[INFO 2019-07-15 17:14:56]解析yaml, Path:D:\PycharmProjects\API_Automation/Params/Yaml/Basic.yaml
[INFO 2019-07-15 17:14:56]解析yaml, Path:D:\PycharmProjects\API_Automation/Params/Yaml/Product.yaml
[INFO 2019-07-15 17:14:56]解析yaml, Path:D:\PycharmProjects\API_Automation/Params/Yaml/Product.yaml
[DEBUG 2019-07-15 17:14:57]token: ZXlKMGVYQWlPaUpLVjFRaUxDSmhiR2NpT2lKSVV6STFOaUo5LmV5SnBaQ0k2TVN3aWRYTmxjbTVoYldVaU9pSjBiMjU1SWl3aVpYaHdhWEpsWkNJNk1UVTJNekU0TlRZNU5uMC5rYUdadk51aldtN0ZwVi1sU1E2aFY3Tkx6ZE5VRDNEQkRyUjBOZ0NZaHFj
[INFO 2019-07-15 17:18:31]解析yaml, Path:D:\PycharmProjects\API_Automation/Params/Yaml/Basic.yaml
[INFO 2019-07-15 17:18:31]解析yaml, Path:D:\PycharmProjects\API_Automation/Params/Yaml/Product.yaml
[INFO 2019-07-15 17:18:31]解析yaml, Path:D:\PycharmProjects\API_Automation/Params/Yaml/Product.yaml
[DEBUG 2019-07-15 17:18:33]token: ZXlKMGVYQWlPaUpLVjFRaUxDSmhiR2NpT2lKSVV6STFOaUo5LmV5SnBaQ0k2TVN3aWRYTmxjbTVoYldVaU9pSjBiMjU1SWl3aVpYaHdhWEpsWkNJNk1UVTJNekU0TlRreE1uMC5aaTB1cGxydUxSb0tNczBzZjVZa2ZFX1Z1OUI3QjE5T0NSODBNSzBsb0c4
[INFO 2019-07-15 17:20:26]解析yaml, Path:D:\PycharmProjects\API_Automation/Params/Yaml/Basic.yaml
[INFO 2019-07-15 17:20:26]解析yaml, Path:D:\PycharmProjects\API_Automation/Params/Yaml/Product.yaml
[INFO 2019-07-15 17:20:26]解析yaml, Path:D:\PycharmProjects\API_Automation/Params/Yaml/Product.yaml
[DEBUG 2019-07-15 17:20:27]token: ZXlKMGVYQWlPaUpLVjFRaUxDSmhiR2NpT2lKSVV6STFOaUo5LmV5SnBaQ0k2TVN3aWRYTmxjbTVoYldVaU9pSjBiMjU1SWl3aVpYaHdhWEpsWkNJNk1UVTJNekU0TmpBeU5uMC52MDhRYXJFcVFZWHF2elJmWkpqbExCUk9MaUlnWG1FNFBWSzBpUmxaaUY4
[ERROR 2019-07-15 17:20:28]statusCode error, expected_code is 200, statusCode is 400 
[INFO 2019-07-15 17:22:00]解析yaml, Path:D:\PycharmProjects\API_Automation/Params/Yaml/Basic.yaml
[INFO 2019-07-15 17:22:00]解析yaml, Path:D:\PycharmProjects\API_Automation/Params/Yaml/Product.yaml
[INFO 2019-07-15 17:22:00]解析yaml, Path:D:\PycharmProjects\API_Automation/Params/Yaml/Product.yaml
[INFO 2019-07-15 17:22:40]解析yaml, Path:D:\PycharmProjects\API_Automation/Params/Yaml/Basic.yaml
[INFO 2019-07-15 17:22:40]解析yaml, Path:D:\PycharmProjects\API_Automation/Params/Yaml/Product.yaml
[INFO 2019-07-15 17:22:40]解析yaml, Path:D:\PycharmProjects\API_Automation/Params/Yaml/Product.yaml
[DEBUG 2019-07-15 17:22:42]token: ZXlKMGVYQWlPaUpLVjFRaUxDSmhiR2NpT2lKSVV6STFOaUo5LmV5SnBaQ0k2TVN3aWRYTmxjbTVoYldVaU9pSjBiMjU1SWl3aVpYaHdhWEpsWkNJNk1UVTJNekU0TmpFMk1YMC5SRmFUelY0aENOV0VlZEV1S3RSOXBTdXhNV0hVQmh6c0pkUk1GOVRjQWhR
[ERROR 2019-07-15 17:22:43]statusCode error, expected_code is 200, statusCode is 400 
[INFO 2019-07-15 17:24:59]解析yaml, Path:D:\PycharmProjects\API_Automation/Params/Yaml/Basic.yaml
[INFO 2019-07-15 17:24:59]解析yaml, Path:D:\PycharmProjects\API_Automation/Params/Yaml/Product.yaml
[INFO 2019-07-15 17:24:59]解析yaml, Path:D:\PycharmProjects\API_Automation/Params/Yaml/Product.yaml
[DEBUG 2019-07-15 17:25:00]token: ZXlKMGVYQWlPaUpLVjFRaUxDSmhiR2NpT2lKSVV6STFOaUo5LmV5SnBaQ0k2TVN3aWRYTmxjbTVoYldVaU9pSjBiMjU1SWl3aVpYaHdhWEpsWkNJNk1UVTJNekU0TmpJNU9YMC5ScUg5LTJuVXVwYi01QjB1M1dzWUtLTm9mSzRhUUlCaDNLSVM2cTZmWV9J
[ERROR 2019-07-15 17:25:01]statusCode error, expected_code is 200, statusCode is 400 
[INFO 2019-07-15 17:25:11]解析yaml, Path:D:\PycharmProjects\API_Automation/Params/Yaml/Basic.yaml
[INFO 2019-07-15 17:25:11]解析yaml, Path:D:\PycharmProjects\API_Automation/Params/Yaml/Product.yaml
[INFO 2019-07-15 17:25:11]解析yaml, Path:D:\PycharmProjects\API_Automation/Params/Yaml/Product.yaml
[DEBUG 2019-07-15 17:25:12]token: ZXlKMGVYQWlPaUpLVjFRaUxDSmhiR2NpT2lKSVV6STFOaUo5LmV5SnBaQ0k2TVN3aWRYTmxjbTVoYldVaU9pSjBiMjU1SWl3aVpYaHdhWEpsWkNJNk1UVTJNekU0TmpNeE1YMC5zWERYdXdxaGotM3RDZlV2UkdsRm1Ca1piX3Byc2ttR01fLVkxNWozSUpN
[ERROR 2019-07-15 17:25:13]statusCode error, expected_code is 200, statusCode is 400 
[INFO 2019-07-15 17:26:13]解析yaml, Path:D:\PycharmProjects\API_Automation/Params/Yaml/Basic.yaml
[INFO 2019-07-15 17:26:13]解析yaml, Path:D:\PycharmProjects\API_Automation/Params/Yaml/Product.yaml
[INFO 2019-07-15 17:26:13]解析yaml, Path:D:\PycharmProjects\API_Automation/Params/Yaml/Product.yaml
[DEBUG 2019-07-15 17:26:14]token: ZXlKMGVYQWlPaUpLVjFRaUxDSmhiR2NpT2lKSVV6STFOaUo5LmV5SnBaQ0k2TVN3aWRYTmxjbTVoYldVaU9pSjBiMjU1SWl3aVpYaHdhWEpsWkNJNk1UVTJNekU0TmpNM00zMC5aMy1KUUVyOXYzMGY5czhsWmc5LVNqOVk3TEJfSWNvWHpCSWxQdWZyaU5Z
[ERROR 2019-07-15 17:26:15]statusCode error, expected_code is 200, statusCode is 400 
[INFO 2019-07-15 17:27:08]解析yaml, Path:D:\PycharmProjects\API_Automation/Params/Yaml/Basic.yaml
[INFO 2019-07-15 17:27:08]解析yaml, Path:D:\PycharmProjects\API_Automation/Params/Yaml/Product.yaml
[INFO 2019-07-15 17:27:08]解析yaml, Path:D:\PycharmProjects\API_Automation/Params/Yaml/Product.yaml
[DEBUG 2019-07-15 17:27:09]token: ZXlKMGVYQWlPaUpLVjFRaUxDSmhiR2NpT2lKSVV6STFOaUo5LmV5SnBaQ0k2TVN3aWRYTmxjbTVoYldVaU9pSjBiMjU1SWl3aVpYaHdhWEpsWkNJNk1UVTJNekU0TmpReU9IMC5MWTRDZVVyZ3djY015cnBJOGVPYkhNYzk1WTdpTTZTZnVfQ3JGVjN0SGR3
[INFO 2019-07-15 17:33:13]解析yaml, Path:D:\PycharmProjects\API_Automation/Params/Yaml/Basic.yaml
[INFO 2019-07-15 17:33:13]解析yaml, Path:D:\PycharmProjects\API_Automation/Params/Yaml/Product.yaml
[INFO 2019-07-15 17:33:13]解析yaml, Path:D:\PycharmProjects\API_Automation/Params/Yaml/Product.yaml
[DEBUG 2019-07-15 17:33:14]token: ZXlKMGVYQWlPaUpLVjFRaUxDSmhiR2NpT2lKSVV6STFOaUo5LmV5SnBaQ0k2TVN3aWRYTmxjbTVoYldVaU9pSjBiMjU1SWl3aVpYaHdhWEpsWkNJNk1UVTJNekU0TmpjNU0zMC5KaUUwZjdTOUtPcjJaVXlnZS1USkhqaEppdEp6NkVNUXJRODZLcEttQTV3
[INFO 2019-07-15 17:33:40]解析yaml, Path:D:\PycharmProjects\API_Automation/Params/Yaml/Basic.yaml
[INFO 2019-07-15 17:33:40]解析yaml, Path:D:\PycharmProjects\API_Automation/Params/Yaml/Product.yaml
[INFO 2019-07-15 17:33:40]解析yaml, Path:D:\PycharmProjects\API_Automation/Params/Yaml/Product.yaml
[DEBUG 2019-07-15 17:33:42]token: ZXlKMGVYQWlPaUpLVjFRaUxDSmhiR2NpT2lKSVV6STFOaUo5LmV5SnBaQ0k2TVN3aWRYTmxjbTVoYldVaU9pSjBiMjU1SWl3aVpYaHdhWEpsWkNJNk1UVTJNekU0TmpneU1IMC5DZllDRmJpSi1ER2RWTFBCQTR1QUs3b1U3YmI3RktSeFRkUTV6Ym9pR3JZ
[INFO 2019-07-15 17:34:32]解析yaml, Path:D:\PycharmProjects\API_Automation/Params/Yaml/Basic.yaml
[INFO 2019-07-15 17:34:32]解析yaml, Path:D:\PycharmProjects\API_Automation/Params/Yaml/Product.yaml
[INFO 2019-07-15 17:34:32]解析yaml, Path:D:\PycharmProjects\API_Automation/Params/Yaml/Product.yaml
[DEBUG 2019-07-15 17:34:34]token: ZXlKMGVYQWlPaUpLVjFRaUxDSmhiR2NpT2lKSVV6STFOaUo5LmV5SnBaQ0k2TVN3aWRYTmxjbTVoYldVaU9pSjBiMjU1SWl3aVpYaHdhWEpsWkNJNk1UVTJNekU0TmpnM00zMC5VNUo5QUVaWFdXMlNaeXVrMUoxZDNkcmd3aE1tZ1hLTUdDMkFRb2syRjVn
[ERROR 2019-07-15 17:34:35]statusCode error, expected_code is 200, statusCode is 404 
[INFO 2019-07-15 17:35:42]解析yaml, Path:D:\PycharmProjects\API_Automation/Params/Yaml/Basic.yaml
[INFO 2019-07-15 17:35:42]解析yaml, Path:D:\PycharmProjects\API_Automation/Params/Yaml/Product.yaml
[INFO 2019-07-15 17:35:42]解析yaml, Path:D:\PycharmProjects\API_Automation/Params/Yaml/Product.yaml
[DEBUG 2019-07-15 17:35:44]token: ZXlKMGVYQWlPaUpLVjFRaUxDSmhiR2NpT2lKSVV6STFOaUo5LmV5SnBaQ0k2TVN3aWRYTmxjbTVoYldVaU9pSjBiMjU1SWl3aVpYaHdhWEpsWkNJNk1UVTJNekU0TmprME0zMC5RQ0t5OVIwVmZaZmhuakZ1OTNLekMzTUVkbWJ1UnZIN3U0TFJ3R3ExZUdZ
[ERROR 2019-07-15 17:35:45]statusCode error, expected_code is 200, statusCode is 401 
[INFO 2019-07-15 17:37:09]解析yaml, Path:D:\PycharmProjects\API_Automation/Params/Yaml/Basic.yaml
[INFO 2019-07-15 17:37:09]解析yaml, Path:D:\PycharmProjects\API_Automation/Params/Yaml/Product.yaml
[INFO 2019-07-15 17:37:09]解析yaml, Path:D:\PycharmProjects\API_Automation/Params/Yaml/Product.yaml
[DEBUG 2019-07-15 17:37:11]token: ZXlKMGVYQWlPaUpLVjFRaUxDSmhiR2NpT2lKSVV6STFOaUo5LmV5SnBaQ0k2TVN3aWRYTmxjbTVoYldVaU9pSjBiMjU1SWl3aVpYaHdhWEpsWkNJNk1UVTJNekU0TnpBek1IMC5HZHdHNzV5cWhjMGl1VFFQYnBUNXZLZTJJZ3VXdEpQdFM2UFJoY0h5Yl9Z
[ERROR 2019-07-15 17:37:12]statusCode error, expected_code is 200, statusCode is 401 
[INFO 2019-07-15 17:37:54]解析yaml, Path:D:\PycharmProjects\API_Automation/Params/Yaml/Basic.yaml
[INFO 2019-07-15 17:37:54]解析yaml, Path:D:\PycharmProjects\API_Automation/Params/Yaml/Product.yaml
[INFO 2019-07-15 17:37:54]解析yaml, Path:D:\PycharmProjects\API_Automation/Params/Yaml/Product.yaml
[DEBUG 2019-07-15 17:37:56]token: ZXlKMGVYQWlPaUpLVjFRaUxDSmhiR2NpT2lKSVV6STFOaUo5LmV5SnBaQ0k2TVN3aWRYTmxjbTVoYldVaU9pSjBiMjU1SWl3aVpYaHdhWEpsWkNJNk1UVTJNekU0TnpBM05YMC5MbzVMNVJnXzZQQTZTTDVzUHVQWjNsRjNFZG5DN2NmSkdXMkdIUTB2bFNz
[INFO 2019-07-15 17:38:27]解析yaml, Path:D:\PycharmProjects\API_Automation/Params/Yaml/Basic.yaml
[INFO 2019-07-15 17:38:27]解析yaml, Path:D:\PycharmProjects\API_Automation/Params/Yaml/Product.yaml
[INFO 2019-07-15 17:38:27]解析yaml, Path:D:\PycharmProjects\API_Automation/Params/Yaml/Product.yaml
[DEBUG 2019-07-15 17:38:35]token: ZXlKMGVYQWlPaUpLVjFRaUxDSmhiR2NpT2lKSVV6STFOaUo5LmV5SnBaQ0k2TVN3aWRYTmxjbTVoYldVaU9pSjBiMjU1SWl3aVpYaHdhWEpsWkNJNk1UVTJNekU0TnpFeE5IMC5LZ2lMRWJMalplS3Y0VUx6NVhULUVnMHFwQW9VbGtyQi10NVZXRnZKYjhJ
[ERROR 2019-07-15 17:38:37]Response body have no this key data
[INFO 2019-07-15 17:39:03]解析yaml, Path:D:\PycharmProjects\API_Automation/Params/Yaml/Basic.yaml
[INFO 2019-07-15 17:39:03]解析yaml, Path:D:\PycharmProjects\API_Automation/Params/Yaml/Product.yaml
[INFO 2019-07-15 17:39:03]解析yaml, Path:D:\PycharmProjects\API_Automation/Params/Yaml/Product.yaml
[DEBUG 2019-07-15 17:39:04]token: ZXlKMGVYQWlPaUpLVjFRaUxDSmhiR2NpT2lKSVV6STFOaUo5LmV5SnBaQ0k2TVN3aWRYTmxjbTVoYldVaU9pSjBiMjU1SWl3aVpYaHdhWEpsWkNJNk1UVTJNekU0TnpFME0zMC5FODlKQ1NjZjVrbGIzYlFycVBaUEUxWlFkcHRVTjM2YmwtM2FydHV1aVRF
[ERROR 2019-07-15 17:39:05]Response body have no this key data
[INFO 2019-07-15 17:40:45]解析yaml, Path:D:\PycharmProjects\API_Automation/Params/Yaml/Basic.yaml
[INFO 2019-07-15 17:40:45]解析yaml, Path:D:\PycharmProjects\API_Automation/Params/Yaml/Product.yaml
[INFO 2019-07-15 17:40:45]解析yaml, Path:D:\PycharmProjects\API_Automation/Params/Yaml/Product.yaml
[DEBUG 2019-07-15 17:40:46]token: ZXlKMGVYQWlPaUpLVjFRaUxDSmhiR2NpT2lKSVV6STFOaUo5LmV5SnBaQ0k2TVN3aWRYTmxjbTVoYldVaU9pSjBiMjU1SWl3aVpYaHdhWEpsWkNJNk1UVTJNekU0TnpJME5YMC5kWmRhcTFTSVNQbGJpMnFUTHZWQnVIUWl6TFdoMDdqdUpxRW9FS0JWWW1z
[ERROR 2019-07-15 17:40:47]Response body have no this key data
[INFO 2019-07-15 17:42:20]解析yaml, Path:D:\PycharmProjects\API_Automation/Params/Yaml/Basic.yaml
[INFO 2019-07-15 17:42:20]解析yaml, Path:D:\PycharmProjects\API_Automation/Params/Yaml/Product.yaml
[INFO 2019-07-15 17:42:20]解析yaml, Path:D:\PycharmProjects\API_Automation/Params/Yaml/Product.yaml
[DEBUG 2019-07-15 17:42:21]token: ZXlKMGVYQWlPaUpLVjFRaUxDSmhiR2NpT2lKSVV6STFOaUo5LmV5SnBaQ0k2TVN3aWRYTmxjbTVoYldVaU9pSjBiMjU1SWl3aVpYaHdhWEpsWkNJNk1UVTJNekU0TnpNME1IMC45MENpaXhMazFNRUx6WGpCTXAzV1MxVHVMQ1NUZThRSG5pQ1dTbWdlSEVB
[INFO 2019-07-15 17:52:47]解析yaml, Path:D:\PycharmProjects\API_Automation/Params/Yaml/Basic.yaml
[INFO 2019-07-15 17:52:47]解析yaml, Path:D:\PycharmProjects\API_Automation/Params/Yaml/Product.yaml
[INFO 2019-07-15 17:52:47]解析yaml, Path:D:\PycharmProjects\API_Automation/Params/Yaml/Product.yaml
[INFO 2019-07-15 17:53:08]解析yaml, Path:D:\PycharmProjects\API_Automation/Params/Yaml/Basic.yaml
[INFO 2019-07-15 17:53:08]解析yaml, Path:D:\PycharmProjects\API_Automation/Params/Yaml/Product.yaml
[INFO 2019-07-15 17:53:08]解析yaml, Path:D:\PycharmProjects\API_Automation/Params/Yaml/Product.yaml
[DEBUG 2019-07-15 17:53:10]token: ZXlKMGVYQWlPaUpLVjFRaUxDSmhiR2NpT2lKSVV6STFOaUo5LmV5SnBaQ0k2TVN3aWRYTmxjbTVoYldVaU9pSjBiMjU1SWl3aVpYaHdhWEpsWkNJNk1UVTJNekU0TnprNE9YMC5aY0FYNkZTVXVwMVUweXZZa2tpUWw2MEk2ZDVCY1hJUnJmR0dweVl6WnI4
[INFO 2019-07-15 18:04:04]初始化配置文件, path=D:\PycharmProjects\API_Automation\Conf\config.ini
[INFO 2019-07-15 18:04:04]解析yaml, Path:D:\PycharmProjects\API_Automation/Params/Yaml/Basic.yaml
[INFO 2019-07-15 18:04:04]解析yaml, Path:D:\PycharmProjects\API_Automation/Params/Yaml/Product.yaml
[INFO 2019-07-15 18:04:04]解析yaml, Path:D:\PycharmProjects\API_Automation/Params/Yaml/Product.yaml
[DEBUG 2019-07-15 18:04:05]token: ZXlKMGVYQWlPaUpLVjFRaUxDSmhiR2NpT2lKSVV6STFOaUo5LmV5SnBaQ0k2TVN3aWRYTmxjbTVoYldVaU9pSjBiMjU1SWl3aVpYaHdhWEpsWkNJNk1UVTJNekU0T0RZME5IMC42RXViN3p0MFhoanFPVEdyRDJQYUV1TWM2NVR0WUxSNU5uVUhSTWZROTlj
[DEBUG 2019-07-15 18:04:07]token: ZXlKMGVYQWlPaUpLVjFRaUxDSmhiR2NpT2lKSVV6STFOaUo5LmV5SnBaQ0k2TVN3aWRYTmxjbTVoYldVaU9pSjBiMjU1SWl3aVpYaHdhWEpsWkNJNk1UVTJNekU0T0RZME4zMC5neU82NFlLUi04NWM0UDczTUFyNDNoZ1R3eFE4bzVmWVZaZVNPQzNpQlFB
[ERROR 2019-07-15 18:04:08]statusCode error, expected_code is 200, statusCode is 400 
[INFO 2019-07-15 18:04:11]邮件发送成功
[INFO 2019-07-15 18:05:19]解析yaml, Path:D:\PycharmProjects\API_Automation/Params/Yaml/Basic.yaml
[INFO 2019-07-15 18:05:19]解析yaml, Path:D:\PycharmProjects\API_Automation/Params/Yaml/Product.yaml
[INFO 2019-07-15 18:05:19]解析yaml, Path:D:\PycharmProjects\API_Automation/Params/Yaml/Product.yaml
[DEBUG 2019-07-15 18:05:21]token: ZXlKMGVYQWlPaUpLVjFRaUxDSmhiR2NpT2lKSVV6STFOaUo5LmV5SnBaQ0k2TVN3aWRYTmxjbTVoYldVaU9pSjBiMjU1SWl3aVpYaHdhWEpsWkNJNk1UVTJNekU0T0RjeU1IMC5tTHlWYmlLeGE1azR5R2w3cXdmblhxMno2LWVRRGdFNVJqQ2oySVBHclZv
[ERROR 2019-07-15 18:05:22]statusCode error, expected_code is 200, statusCode is 400 
[INFO 2019-07-15 18:06:01]解析yaml, Path:D:\PycharmProjects\API_Automation/Params/Yaml/Basic.yaml
[INFO 2019-07-15 18:06:01]解析yaml, Path:D:\PycharmProjects\API_Automation/Params/Yaml/Product.yaml
[INFO 2019-07-15 18:06:01]解析yaml, Path:D:\PycharmProjects\API_Automation/Params/Yaml/Product.yaml
[DEBUG 2019-07-15 18:06:03]token: ZXlKMGVYQWlPaUpLVjFRaUxDSmhiR2NpT2lKSVV6STFOaUo5LmV5SnBaQ0k2TVN3aWRYTmxjbTVoYldVaU9pSjBiMjU1SWl3aVpYaHdhWEpsWkNJNk1UVTJNekU0T0RjMk1uMC5SeUpwMFY1SEdwQXRTN3BXWHVoWFlDWHdqajROcS1BalR4eldXQi0yd1Zz
[INFO 2019-07-15 18:07:07]初始化配置文件, path=D:\PycharmProjects\API_Automation\Conf\config.ini
[INFO 2019-07-15 18:07:07]解析yaml, Path:D:\PycharmProjects\API_Automation/Params/Yaml/Basic.yaml
[INFO 2019-07-15 18:07:07]解析yaml, Path:D:\PycharmProjects\API_Automation/Params/Yaml/Product.yaml
[INFO 2019-07-15 18:07:07]解析yaml, Path:D:\PycharmProjects\API_Automation/Params/Yaml/Product.yaml
[DEBUG 2019-07-15 18:07:08]token: ZXlKMGVYQWlPaUpLVjFRaUxDSmhiR2NpT2lKSVV6STFOaUo5LmV5SnBaQ0k2TVN3aWRYTmxjbTVoYldVaU9pSjBiMjU1SWl3aVpYaHdhWEpsWkNJNk1UVTJNekU0T0RneU4zMC4wLWw2RHY4NjNKc1E2a0hLdGxOcU5VU3lsT3AtTVNEcHBZOGlDMnBFeEFz
[DEBUG 2019-07-15 18:07:18]token: ZXlKMGVYQWlPaUpLVjFRaUxDSmhiR2NpT2lKSVV6STFOaUo5LmV5SnBaQ0k2TVN3aWRYTmxjbTVoYldVaU9pSjBiMjU1SWl3aVpYaHdhWEpsWkNJNk1UVTJNekU0T0Rnek4zMC5ZRlgzQVNDQVpCeFNGX0xzbVpSSmthNTJQVmREQmxRVlN3ZEY1MUs1OUtF
[ERROR 2019-07-15 18:07:20]statusCode error, expected_code is 200, statusCode is 400 
[INFO 2019-07-15 18:07:22]邮件发送成功
[INFO 2019-07-15 18:08:12]解析yaml, Path:D:\PycharmProjects\API_Automation/Params/Yaml/Basic.yaml
[INFO 2019-07-15 18:08:12]解析yaml, Path:D:\PycharmProjects\API_Automation/Params/Yaml/Product.yaml
[INFO 2019-07-15 18:08:12]解析yaml, Path:D:\PycharmProjects\API_Automation/Params/Yaml/Product.yaml
[DEBUG 2019-07-15 18:08:13]token: ZXlKMGVYQWlPaUpLVjFRaUxDSmhiR2NpT2lKSVV6STFOaUo5LmV5SnBaQ0k2TVN3aWRYTmxjbTVoYldVaU9pSjBiMjU1SWl3aVpYaHdhWEpsWkNJNk1UVTJNekU0T0RnNU1uMC5ucmhlU1FSc3U5aUpweFNIT19uM1ZMOGJ3SE5IRGVvemE0YXd1VTVkRGtR
[ERROR 2019-07-15 18:08:14]statusCode error, expected_code is 200, statusCode is 400 
[INFO 2019-07-15 18:09:13]解析yaml, Path:D:\PycharmProjects\API_Automation/Params/Yaml/Basic.yaml
[INFO 2019-07-15 18:09:13]解析yaml, Path:D:\PycharmProjects\API_Automation/Params/Yaml/Product.yaml
[INFO 2019-07-15 18:09:13]解析yaml, Path:D:\PycharmProjects\API_Automation/Params/Yaml/Product.yaml
[DEBUG 2019-07-15 18:09:14]token: ZXlKMGVYQWlPaUpLVjFRaUxDSmhiR2NpT2lKSVV6STFOaUo5LmV5SnBaQ0k2TVN3aWRYTmxjbTVoYldVaU9pSjBiMjU1SWl3aVpYaHdhWEpsWkNJNk1UVTJNekU0T0RrMU0zMC52M21WQklXbHR0Z2Z5bWhQNmQySXBZY2JHUlp5Wk15VGU2OWQ3MHJGc0Rv
[INFO 2019-07-15 18:09:21]初始化配置文件, path=D:\PycharmProjects\API_Automation\Conf\config.ini
[INFO 2019-07-15 18:09:21]解析yaml, Path:D:\PycharmProjects\API_Automation/Params/Yaml/Basic.yaml
[INFO 2019-07-15 18:09:21]解析yaml, Path:D:\PycharmProjects\API_Automation/Params/Yaml/Product.yaml
[INFO 2019-07-15 18:09:21]解析yaml, Path:D:\PycharmProjects\API_Automation/Params/Yaml/Product.yaml
[DEBUG 2019-07-15 18:09:23]token: ZXlKMGVYQWlPaUpLVjFRaUxDSmhiR2NpT2lKSVV6STFOaUo5LmV5SnBaQ0k2TVN3aWRYTmxjbTVoYldVaU9pSjBiMjU1SWl3aVpYaHdhWEpsWkNJNk1UVTJNekU0T0RrMk1uMC5mSlJPOWx4MHo1NmducHZTY2FSOUw1cTdJRHFPaHFzeXREdUlJR3ByYkJn
[DEBUG 2019-07-15 18:09:25]token: ZXlKMGVYQWlPaUpLVjFRaUxDSmhiR2NpT2lKSVV6STFOaUo5LmV5SnBaQ0k2TVN3aWRYTmxjbTVoYldVaU9pSjBiMjU1SWl3aVpYaHdhWEpsWkNJNk1UVTJNekU0T0RrMk5IMC5yRVNYeF9OYnR6Zk1mTUFtaTRsMjhHRTd2QkMwRHU5ZFQwaVVQekY1UjlR
[INFO 2019-07-15 18:09:28]邮件发送成功
[INFO 2019-07-15 18:11:24]初始化配置文件, path=D:\PycharmProjects\API_Automation\Conf\config.ini
[INFO 2019-07-15 18:11:24]解析yaml, Path:D:\PycharmProjects\API_Automation/Params/Yaml/Basic.yaml
[INFO 2019-07-15 18:11:24]解析yaml, Path:D:\PycharmProjects\API_Automation/Params/Yaml/Product.yaml
[INFO 2019-07-15 18:11:24]解析yaml, Path:D:\PycharmProjects\API_Automation/Params/Yaml/Product.yaml
[DEBUG 2019-07-15 18:11:25]token: ZXlKMGVYQWlPaUpLVjFRaUxDSmhiR2NpT2lKSVV6STFOaUo5LmV5SnBaQ0k2TVN3aWRYTmxjbTVoYldVaU9pSjBiMjU1SWl3aVpYaHdhWEpsWkNJNk1UVTJNekU0T1RBNE5YMC5FdXZiX1BHTEtzcnBOV1ZRaTNOVF80Y2tvb3RwUWFTc0pVd2NEMzBzWGhZ
[DEBUG 2019-07-15 18:11:30]token: ZXlKMGVYQWlPaUpLVjFRaUxDSmhiR2NpT2lKSVV6STFOaUo5LmV5SnBaQ0k2TVN3aWRYTmxjbTVoYldVaU9pSjBiMjU1SWl3aVpYaHdhWEpsWkNJNk1UVTJNekU0T1RBNU1IMC5OblRJSnppaEp3MmJMVlQxYWRBblhPZmhlRFpmVXhTRzMzX2lCSHlyX0RZ
[INFO 2019-07-15 18:11:35]邮件发送成功
[INFO 2019-07-15 18:14:54]初始化配置文件, path=D:\PycharmProjects\API_Automation\Conf\config.ini
[INFO 2019-07-15 18:14:54]解析yaml, Path:D:\PycharmProjects\API_Automation/Params/Yaml/Basic.yaml
[INFO 2019-07-15 18:14:54]解析yaml, Path:D:\PycharmProjects\API_Automation/Params/Yaml/Product.yaml
[INFO 2019-07-15 18:14:54]解析yaml, Path:D:\PycharmProjects\API_Automation/Params/Yaml/Product.yaml
[DEBUG 2019-07-15 18:14:56]token: ZXlKMGVYQWlPaUpLVjFRaUxDSmhiR2NpT2lKSVV6STFOaUo5LmV5SnBaQ0k2TVN3aWRYTmxjbTVoYldVaU9pSjBiMjU1SWl3aVpYaHdhWEpsWkNJNk1UVTJNekU0T1RJNU5IMC5GakNYQjVHN0ZjOUFueF9FV1daUDZsaW5lSUhxelhYSVRla1c1cWt0b2RB
[DEBUG 2019-07-15 18:14:59]token: ZXlKMGVYQWlPaUpLVjFRaUxDSmhiR2NpT2lKSVV6STFOaUo5LmV5SnBaQ0k2TVN3aWRYTmxjbTVoYldVaU9pSjBiMjU1SWl3aVpYaHdhWEpsWkNJNk1UVTJNekU0T1RJNU9IMC5iUGxZTE9NaWVKYW5fLWZ2RzNFbDYxYVVXbGtTYXV5eVZSdGVpX3hKcFNZ
[INFO 2019-07-15 18:15:04]邮件发送成功
[INFO 2019-07-15 18:15:27]初始化配置文件, path=D:\PycharmProjects\API_Automation\Conf\config.ini
[INFO 2019-07-15 18:15:27]解析yaml, Path:D:\PycharmProjects\API_Automation/Params/Yaml/Basic.yaml
[INFO 2019-07-15 18:15:27]解析yaml, Path:D:\PycharmProjects\API_Automation/Params/Yaml/Product.yaml
[INFO 2019-07-15 18:15:27]解析yaml, Path:D:\PycharmProjects\API_Automation/Params/Yaml/Product.yaml
[DEBUG 2019-07-15 18:15:28]token: ZXlKMGVYQWlPaUpLVjFRaUxDSmhiR2NpT2lKSVV6STFOaUo5LmV5SnBaQ0k2TVN3aWRYTmxjbTVoYldVaU9pSjBiMjU1SWl3aVpYaHdhWEpsWkNJNk1UVTJNekU0T1RNeU4zMC43dmpycHFFMk45UmRBM083bHFxWTBwTDhaR3R1dUFWSEFZOVlqa3lWSVVz
[DEBUG 2019-07-15 18:15:30]token: ZXlKMGVYQWlPaUpLVjFRaUxDSmhiR2NpT2lKSVV6STFOaUo5LmV5SnBaQ0k2TVN3aWRYTmxjbTVoYldVaU9pSjBiMjU1SWl3aVpYaHdhWEpsWkNJNk1UVTJNekU0T1RNeU9YMC5TNm9oeFZqNHc1REh0bzVUb3VOTFg2cjI3QkExX2FPelBaeHJxem9HNVVB
[INFO 2019-07-15 18:15:33]邮件发送成功
[INFO 2019-07-15 18:16:02]初始化配置文件, path=D:\PycharmProjects\API_Automation\Conf\config.ini
[INFO 2019-07-15 18:16:02]解析yaml, Path:D:\PycharmProjects\API_Automation/Params/Yaml/Basic.yaml
[INFO 2019-07-15 18:16:02]解析yaml, Path:D:\PycharmProjects\API_Automation/Params/Yaml/Product.yaml
[INFO 2019-07-15 18:16:02]解析yaml, Path:D:\PycharmProjects\API_Automation/Params/Yaml/Product.yaml
[DEBUG 2019-07-15 18:16:04]token: ZXlKMGVYQWlPaUpLVjFRaUxDSmhiR2NpT2lKSVV6STFOaUo5LmV5SnBaQ0k2TVN3aWRYTmxjbTVoYldVaU9pSjBiMjU1SWl3aVpYaHdhWEpsWkNJNk1UVTJNekU0T1RNMk0zMC5KYjJkMmsxeFgtSzhGcFVLaTRMUm83R0hOU1F5OW9aM2p2Y01oY2tzVDJR
[DEBUG 2019-07-15 18:16:13]token: ZXlKMGVYQWlPaUpLVjFRaUxDSmhiR2NpT2lKSVV6STFOaUo5LmV5SnBaQ0k2TVN3aWRYTmxjbTVoYldVaU9pSjBiMjU1SWl3aVpYaHdhWEpsWkNJNk1UVTJNekU0T1RNM01uMC5QWUQyaVM4eVpqTGpWcHliaE90TjJFdTlWcVpXVE1WMG5nanMtZWJhdXVz
[ERROR 2019-07-15 18:16:15]statusCode error, expected_code is 200, statusCode is 500 
[INFO 2019-07-15 18:16:17]邮件发送成功
[INFO 2019-07-15 18:17:06]解析yaml, Path:D:\PycharmProjects\API_Automation/Params/Yaml/Basic.yaml
[INFO 2019-07-15 18:17:06]解析yaml, Path:D:\PycharmProjects\API_Automation/Params/Yaml/Product.yaml
[INFO 2019-07-15 18:17:06]解析yaml, Path:D:\PycharmProjects\API_Automation/Params/Yaml/Product.yaml
[INFO 2019-07-15 18:17:54]解析yaml, Path:D:\PycharmProjects\API_Automation/Params/Yaml/Basic.yaml
[INFO 2019-07-15 18:17:54]解析yaml, Path:D:\PycharmProjects\API_Automation/Params/Yaml/Product.yaml
[INFO 2019-07-15 18:17:54]解析yaml, Path:D:\PycharmProjects\API_Automation/Params/Yaml/Product.yaml
[INFO 2019-07-15 18:18:04]初始化配置文件, path=D:\PycharmProjects\API_Automation\Conf\config.ini
[INFO 2019-07-15 18:18:04]解析yaml, Path:D:\PycharmProjects\API_Automation/Params/Yaml/Basic.yaml
[INFO 2019-07-15 18:18:04]解析yaml, Path:D:\PycharmProjects\API_Automation/Params/Yaml/Product.yaml
[INFO 2019-07-15 18:18:04]解析yaml, Path:D:\PycharmProjects\API_Automation/Params/Yaml/Product.yaml
[DEBUG 2019-07-15 18:18:05]token: ZXlKMGVYQWlPaUpLVjFRaUxDSmhiR2NpT2lKSVV6STFOaUo5LmV5SnBaQ0k2TVN3aWRYTmxjbTVoYldVaU9pSjBiMjU1SWl3aVpYaHdhWEpsWkNJNk1UVTJNekU0T1RRNE5IMC53djQtWk16MkdaazB3dFk3UUh2djZzbnFFcTBTWk1lU2RQVnZLeXpaNkhR
[DEBUG 2019-07-15 18:18:07]token: ZXlKMGVYQWlPaUpLVjFRaUxDSmhiR2NpT2lKSVV6STFOaUo5LmV5SnBaQ0k2TVN3aWRYTmxjbTVoYldVaU9pSjBiMjU1SWl3aVpYaHdhWEpsWkNJNk1UVTJNekU0T1RRNE5uMC5QNy1EZ0NhUzdQTlpvX0tURzdrVDJ3NVJGcGpEWGpRamZEODhMVmp6d0pV
[INFO 2019-07-15 18:18:11]邮件发送成功
[INFO 2019-07-15 18:22:31]初始化配置文件, path=D:\PycharmProjects\API_Automation\Conf\config.ini
[INFO 2019-07-15 18:22:32]解析yaml, Path:D:\PycharmProjects\API_Automation/Params/Yaml/Basic.yaml
[INFO 2019-07-15 18:22:32]解析yaml, Path:D:\PycharmProjects\API_Automation/Params/Yaml/Product.yaml
[INFO 2019-07-15 18:22:32]解析yaml, Path:D:\PycharmProjects\API_Automation/Params/Yaml/Product.yaml
[DEBUG 2019-07-15 18:22:33]token: ZXlKMGVYQWlPaUpLVjFRaUxDSmhiR2NpT2lKSVV6STFOaUo5LmV5SnBaQ0k2TVN3aWRYTmxjbTVoYldVaU9pSjBiMjU1SWl3aVpYaHdhWEpsWkNJNk1UVTJNekU0T1RjMU1uMC5GY2g0Ml9wS1FEQW8tVFJkY1NNaUdUalN4dDUyNnhVSURnVEIxa0s3dG1v
[DEBUG 2019-07-15 18:22:35]token: ZXlKMGVYQWlPaUpLVjFRaUxDSmhiR2NpT2lKSVV6STFOaUo5LmV5SnBaQ0k2TVN3aWRYTmxjbTVoYldVaU9pSjBiMjU1SWl3aVpYaHdhWEpsWkNJNk1UVTJNekU0T1RjMU5IMC4tMjR2YUVDYnl2Y1NkOC10bVE0YjJWcUE0LUQzZXBzYkZxX05UR014WnNv
[INFO 2019-07-15 18:22:39]邮件发送成功
[INFO 2019-07-15 18:26:36]初始化配置文件, path=D:\PycharmProjects\API_Automation\Conf\config.ini
[INFO 2019-07-15 18:26:36]解析yaml, Path:D:\PycharmProjects\API_Automation/Params/Yaml/Basic.yaml
[INFO 2019-07-15 18:26:36]解析yaml, Path:D:\PycharmProjects\API_Automation/Params/Yaml/Product.yaml
[INFO 2019-07-15 18:26:36]解析yaml, Path:D:\PycharmProjects\API_Automation/Params/Yaml/Product.yaml
[DEBUG 2019-07-15 18:26:37]token: ZXlKMGVYQWlPaUpLVjFRaUxDSmhiR2NpT2lKSVV6STFOaUo5LmV5SnBaQ0k2TVN3aWRYTmxjbTVoYldVaU9pSjBiMjU1SWl3aVpYaHdhWEpsWkNJNk1UVTJNekU0T1RrNU4zMC43X2w2R3B6bC1ZUDdXdnViOFYwekQzX3FFZkoxdmF6OWZBdFdZbDZ6SGYw
[DEBUG 2019-07-15 18:26:40]token: ZXlKMGVYQWlPaUpLVjFRaUxDSmhiR2NpT2lKSVV6STFOaUo5LmV5SnBaQ0k2TVN3aWRYTmxjbTVoYldVaU9pSjBiMjU1SWl3aVpYaHdhWEpsWkNJNk1UVTJNekU0T1RrNU9YMC5QSlpidEFZWHlHTlBvV2w5aUtadmhJREpuMUFJRUdSeWNuVjlmbUM3Z21r
[INFO 2019-07-15 18:26:44]邮件发送成功
[INFO 2019-07-15 18:27:04]初始化配置文件, path=D:\PycharmProjects\API_Automation\Conf\config.ini
[INFO 2019-07-15 18:27:04]解析yaml, Path:D:\PycharmProjects\API_Automation/Params/Yaml/Basic.yaml
[INFO 2019-07-15 18:27:04]解析yaml, Path:D:\PycharmProjects\API_Automation/Params/Yaml/Product.yaml
[INFO 2019-07-15 18:27:04]解析yaml, Path:D:\PycharmProjects\API_Automation/Params/Yaml/Product.yaml
[DEBUG 2019-07-15 18:27:05]token: ZXlKMGVYQWlPaUpLVjFRaUxDSmhiR2NpT2lKSVV6STFOaUo5LmV5SnBaQ0k2TVN3aWRYTmxjbTVoYldVaU9pSjBiMjU1SWl3aVpYaHdhWEpsWkNJNk1UVTJNekU1TURBeU5IMC5iVUU3OGYwak5pV0RLVkNFZEpIemx1Y3U2d0lhQVFIbTM2LVAtdUJtaUFJ
[DEBUG 2019-07-15 18:27:09]token: ZXlKMGVYQWlPaUpLVjFRaUxDSmhiR2NpT2lKSVV6STFOaUo5LmV5SnBaQ0k2TVN3aWRYTmxjbTVoYldVaU9pSjBiMjU1SWl3aVpYaHdhWEpsWkNJNk1UVTJNekU1TURBeU9YMC5oWEo5Um5JQ0h1cUNMS3BuaVdKNlY4MV9SbUVCa1VLRExOcTkzek5XNU5N
[INFO 2019-07-15 18:27:15]邮件发送成功
[INFO 2019-07-15 18:28:00]初始化配置文件, path=D:\PycharmProjects\API_Automation\Conf\config.ini
[INFO 2019-07-15 18:28:00]解析yaml, Path:D:\PycharmProjects\API_Automation/Params/Yaml/Basic.yaml
[INFO 2019-07-15 18:28:00]解析yaml, Path:D:\PycharmProjects\API_Automation/Params/Yaml/Product.yaml
[INFO 2019-07-15 18:28:00]解析yaml, Path:D:\PycharmProjects\API_Automation/Params/Yaml/Product.yaml
[DEBUG 2019-07-15 18:28:01]token: ZXlKMGVYQWlPaUpLVjFRaUxDSmhiR2NpT2lKSVV6STFOaUo5LmV5SnBaQ0k2TVN3aWRYTmxjbTVoYldVaU9pSjBiMjU1SWl3aVpYaHdhWEpsWkNJNk1UVTJNekU1TURBNE1IMC5VelloM1NfQWNZaDNiaG55dlVFWmtGRTYwS0J6R0Fzb0tiay03STVMc0hv
[DEBUG 2019-07-15 18:28:04]token: ZXlKMGVYQWlPaUpLVjFRaUxDSmhiR2NpT2lKSVV6STFOaUo5LmV5SnBaQ0k2TVN3aWRYTmxjbTVoYldVaU9pSjBiMjU1SWl3aVpYaHdhWEpsWkNJNk1UVTJNekU1TURBNE0zMC5FaXc0RHpHVS1PNlRMdFFwMk9GN1g5QnlZT0M2V1QtSnp1aGU1TGlqcUxF
[INFO 2019-07-15 18:28:13]邮件发送成功
[INFO 2019-07-15 18:32:08]初始化配置文件, path=D:\PycharmProjects\API_Automation\Conf\config.ini
[INFO 2019-07-15 18:32:08]解析yaml, Path:D:\PycharmProjects\API_Automation/Params/Yaml/Basic.yaml
[INFO 2019-07-15 18:32:08]解析yaml, Path:D:\PycharmProjects\API_Automation/Params/Yaml/Product.yaml
[INFO 2019-07-15 18:32:08]解析yaml, Path:D:\PycharmProjects\API_Automation/Params/Yaml/Product.yaml
[DEBUG 2019-07-15 18:32:09]token: ZXlKMGVYQWlPaUpLVjFRaUxDSmhiR2NpT2lKSVV6STFOaUo5LmV5SnBaQ0k2TVN3aWRYTmxjbTVoYldVaU9pSjBiMjU1SWl3aVpYaHdhWEpsWkNJNk1UVTJNekU1TURNeU9IMC4zWDVYQmVpVWpXVU9SOGVhV3YzdXdIMHA3X0lyS252UXNnOEYtX3dZN013
[DEBUG 2019-07-15 18:32:13]token: ZXlKMGVYQWlPaUpLVjFRaUxDSmhiR2NpT2lKSVV6STFOaUo5LmV5SnBaQ0k2TVN3aWRYTmxjbTVoYldVaU9pSjBiMjU1SWl3aVpYaHdhWEpsWkNJNk1UVTJNekU1TURNek1uMC5KVE1VZ2lPSmU5cHpUVWpRUExSdzE4MDJmNk9BU3o4X2IwTnpUT1hzcjRB
[INFO 2019-07-15 18:32:17]邮件发送成功
[INFO 2019-07-15 18:34:56]初始化配置文件, path=D:\PycharmProjects\API_Automation\Conf\config.ini
[INFO 2019-07-15 18:34:56]解析yaml, Path:D:\PycharmProjects\API_Automation/Params/Yaml/Basic.yaml
[INFO 2019-07-15 18:34:56]解析yaml, Path:D:\PycharmProjects\API_Automation/Params/Yaml/Product.yaml
[INFO 2019-07-15 18:34:56]解析yaml, Path:D:\PycharmProjects\API_Automation/Params/Yaml/Product.yaml
[DEBUG 2019-07-15 18:34:58]token: ZXlKMGVYQWlPaUpLVjFRaUxDSmhiR2NpT2lKSVV6STFOaUo5LmV5SnBaQ0k2TVN3aWRYTmxjbTVoYldVaU9pSjBiMjU1SWl3aVpYaHdhWEpsWkNJNk1UVTJNekU1TURRNU4zMC5INnVqZHZvT2E5XzAxY0QtZm0wWk01LUh0WGdlZHNqRjNhLWhSTElPNzlB
[DEBUG 2019-07-15 18:35:00]token: ZXlKMGVYQWlPaUpLVjFRaUxDSmhiR2NpT2lKSVV6STFOaUo5LmV5SnBaQ0k2TVN3aWRYTmxjbTVoYldVaU9pSjBiMjU1SWl3aVpYaHdhWEpsWkNJNk1UVTJNekU1TURRNU9YMC5EdFB0b0loM2JTcF8xSHFieVBvNmNzNkI2T1QzQjhjV3VUdjIxT2lfNWpz
[INFO 2019-07-15 18:35:07]邮件发送成功
[INFO 2019-07-15 18:35:43]初始化配置文件, path=D:\PycharmProjects\API_Automation\Conf\config.ini
[INFO 2019-07-15 18:35:43]解析yaml, Path:D:\PycharmProjects\API_Automation/Params/Yaml/Basic.yaml
[INFO 2019-07-15 18:35:43]解析yaml, Path:D:\PycharmProjects\API_Automation/Params/Yaml/Product.yaml
[INFO 2019-07-15 18:35:43]解析yaml, Path:D:\PycharmProjects\API_Automation/Params/Yaml/Product.yaml
[DEBUG 2019-07-15 18:35:45]token: ZXlKMGVYQWlPaUpLVjFRaUxDSmhiR2NpT2lKSVV6STFOaUo5LmV5SnBaQ0k2TVN3aWRYTmxjbTVoYldVaU9pSjBiMjU1SWl3aVpYaHdhWEpsWkNJNk1UVTJNekU1TURVME5IMC4wZkJYRFk0SVRGRzNyelMtN1k4ak91VVVtMi1yMnd6UHdVYTc2d2xJYU9r
[DEBUG 2019-07-15 18:35:47]token: ZXlKMGVYQWlPaUpLVjFRaUxDSmhiR2NpT2lKSVV6STFOaUo5LmV5SnBaQ0k2TVN3aWRYTmxjbTVoYldVaU9pSjBiMjU1SWl3aVpYaHdhWEpsWkNJNk1UVTJNekU1TURVME5uMC5uRkhTQ3I3SlFxcEZqdmtlZlREaE1PUUttZlEwNWlvaE9sWFJwWDBKbmww
[INFO 2019-07-15 18:35:51]邮件发送成功
[INFO 2019-07-15 18:36:19]初始化配置文件, path=D:\PycharmProjects\API_Automation\Conf\config.ini
[INFO 2019-07-15 18:36:19]解析yaml, Path:D:\PycharmProjects\API_Automation/Params/Yaml/Basic.yaml
[INFO 2019-07-15 18:36:19]解析yaml, Path:D:\PycharmProjects\API_Automation/Params/Yaml/Product.yaml
[INFO 2019-07-15 18:36:19]解析yaml, Path:D:\PycharmProjects\API_Automation/Params/Yaml/Product.yaml
[DEBUG 2019-07-15 18:36:20]token: ZXlKMGVYQWlPaUpLVjFRaUxDSmhiR2NpT2lKSVV6STFOaUo5LmV5SnBaQ0k2TVN3aWRYTmxjbTVoYldVaU9pSjBiMjU1SWl3aVpYaHdhWEpsWkNJNk1UVTJNekU1TURVNE1IMC5BSGlQazUxV21UY0tzeEJ1dWtDN3VSR1ZaMFVSSEp0eWs1V0pnbWVtck5N
[DEBUG 2019-07-15 18:36:22]token: ZXlKMGVYQWlPaUpLVjFRaUxDSmhiR2NpT2lKSVV6STFOaUo5LmV5SnBaQ0k2TVN3aWRYTmxjbTVoYldVaU9pSjBiMjU1SWl3aVpYaHdhWEpsWkNJNk1UVTJNekU1TURVNE1uMC5IaG5SVlEwdnhIaTViYXdyeWVVdjdtWGJOczRKVzB3TXB3clp0d05wWFNN
[INFO 2019-07-15 18:36:31]邮件发送成功
[INFO 2019-07-15 18:38:57]解析yaml, Path:D:\PycharmProjects\API_Automation/Params/Yaml/Basic.yaml
[INFO 2019-07-15 18:38:57]解析yaml, Path:D:\PycharmProjects\API_Automation/Params/Yaml/Product.yaml
[INFO 2019-07-15 18:38:57]解析yaml, Path:D:\PycharmProjects\API_Automation/Params/Yaml/Product.yaml
[DEBUG 2019-07-15 18:38:59]token: ZXlKMGVYQWlPaUpLVjFRaUxDSmhiR2NpT2lKSVV6STFOaUo5LmV5SnBaQ0k2TVN3aWRYTmxjbTVoYldVaU9pSjBiMjU1SWl3aVpYaHdhWEpsWkNJNk1UVTJNekU1TURjek9IMC5OWFNPQmswUTVjZktzS3ZKNUNoSXc5TExTT2VfZlplQWtvalF2VngxcGtZ
[INFO 2019-07-15 18:42:23]初始化配置文件, path=D:\PycharmProjects\API_Automation\Conf\config.ini
[INFO 2019-07-15 18:42:23]解析yaml, Path:D:\PycharmProjects\API_Automation/Params/Yaml/Basic.yaml
[INFO 2019-07-15 18:42:24]解析yaml, Path:D:\PycharmProjects\API_Automation/Params/Yaml/Product.yaml
[INFO 2019-07-15 18:42:24]解析yaml, Path:D:\PycharmProjects\API_Automation/Params/Yaml/Product.yaml
[DEBUG 2019-07-15 18:42:25]token: ZXlKMGVYQWlPaUpLVjFRaUxDSmhiR2NpT2lKSVV6STFOaUo5LmV5SnBaQ0k2TVN3aWRYTmxjbTVoYldVaU9pSjBiMjU1SWl3aVpYaHdhWEpsWkNJNk1UVTJNekU1TURrME5IMC51Y2k0WTAyOENSVTVnWmJsQTRtQmFTdm9UY1NJcnN5dTI0a28xZmFSelhB
[DEBUG 2019-07-15 18:42:27]token: ZXlKMGVYQWlPaUpLVjFRaUxDSmhiR2NpT2lKSVV6STFOaUo5LmV5SnBaQ0k2TVN3aWRYTmxjbTVoYldVaU9pSjBiMjU1SWl3aVpYaHdhWEpsWkNJNk1UVTJNekU1TURrME5uMC4xWmNGS1ByaHNXc2UyU09uMWRRbndnaWlDcElNS1ByZXd3b1V3V1JHbVJ3
[INFO 2019-07-15 18:42:38]邮件发送成功
[INFO 2019-07-15 18:44:44]初始化配置文件, path=D:\PycharmProjects\API_Automation\Conf\config.ini
[INFO 2019-07-15 18:44:44]解析yaml, Path:D:\PycharmProjects\API_Automation/Params/Yaml/Basic.yaml
[INFO 2019-07-15 18:44:44]解析yaml, Path:D:\PycharmProjects\API_Automation/Params/Yaml/Product.yaml
[INFO 2019-07-15 18:44:44]解析yaml, Path:D:\PycharmProjects\API_Automation/Params/Yaml/Product.yaml
[DEBUG 2019-07-15 18:44:45]token: ZXlKMGVYQWlPaUpLVjFRaUxDSmhiR2NpT2lKSVV6STFOaUo5LmV5SnBaQ0k2TVN3aWRYTmxjbTVoYldVaU9pSjBiMjU1SWl3aVpYaHdhWEpsWkNJNk1UVTJNekU1TVRBNE5IMC5jVDJRUC01d3Y5YlJrQUNCZ3VtRWFHUjdkWG9YVlF4LXkwZlEwbFhYWXFj
[DEBUG 2019-07-15 18:44:47]token: ZXlKMGVYQWlPaUpLVjFRaUxDSmhiR2NpT2lKSVV6STFOaUo5LmV5SnBaQ0k2TVN3aWRYTmxjbTVoYldVaU9pSjBiMjU1SWl3aVpYaHdhWEpsWkNJNk1UVTJNekU1TVRBNE5uMC5RVEwtaTNNTW40TlBSWHV6Wm5ya2Z5dHVfaUcwcWVLTU5xWmJqcWRSRk9z
[INFO 2019-07-15 18:45:11]初始化配置文件, path=D:\PycharmProjects\API_Automation\Conf\config.ini
[INFO 2019-07-15 18:45:11]解析yaml, Path:D:\PycharmProjects\API_Automation/Params/Yaml/Basic.yaml
[INFO 2019-07-15 18:45:11]解析yaml, Path:D:\PycharmProjects\API_Automation/Params/Yaml/Product.yaml
[INFO 2019-07-15 18:45:11]解析yaml, Path:D:\PycharmProjects\API_Automation/Params/Yaml/Product.yaml
[DEBUG 2019-07-15 18:45:12]token: ZXlKMGVYQWlPaUpLVjFRaUxDSmhiR2NpT2lKSVV6STFOaUo5LmV5SnBaQ0k2TVN3aWRYTmxjbTVoYldVaU9pSjBiMjU1SWl3aVpYaHdhWEpsWkNJNk1UVTJNekU1TVRFeE1YMC44Ql9jZldRTVB0RUY2a19keVZIbi12VlVzQmN2cVJHNFVCdHFjTVFhQ3Nj
[DEBUG 2019-07-15 18:45:14]token: ZXlKMGVYQWlPaUpLVjFRaUxDSmhiR2NpT2lKSVV6STFOaUo5LmV5SnBaQ0k2TVN3aWRYTmxjbTVoYldVaU9pSjBiMjU1SWl3aVpYaHdhWEpsWkNJNk1UVTJNekU1TVRFeE0zMC4zdloxNFhNbG05NmEzR3hnV3RQb3o4UkVJcGF6Rm1ldXFQcVJqdU5CNU1F
[INFO 2019-07-15 18:45:18]邮件发送成功
[INFO 2019-07-15 18:47:15]初始化配置文件, path=D:\PycharmProjects\API_Automation\Conf\config.ini
[INFO 2019-07-15 18:47:15]解析yaml, Path:D:\PycharmProjects\API_Automation/Params/Yaml/Basic.yaml
[INFO 2019-07-15 18:47:15]解析yaml, Path:D:\PycharmProjects\API_Automation/Params/Yaml/Product.yaml
[INFO 2019-07-15 18:47:15]解析yaml, Path:D:\PycharmProjects\API_Automation/Params/Yaml/Product.yaml
[DEBUG 2019-07-15 18:47:16]token: ZXlKMGVYQWlPaUpLVjFRaUxDSmhiR2NpT2lKSVV6STFOaUo5LmV5SnBaQ0k2TVN3aWRYTmxjbTVoYldVaU9pSjBiMjU1SWl3aVpYaHdhWEpsWkNJNk1UVTJNekU1TVRJek5YMC5jRzlpUkRUd21HMEhINi1obWZITDRYQWptQnJhMlpvdGRzZS1laWdEMEtF
[DEBUG 2019-07-15 18:47:18]token: ZXlKMGVYQWlPaUpLVjFRaUxDSmhiR2NpT2lKSVV6STFOaUo5LmV5SnBaQ0k2TVN3aWRYTmxjbTVoYldVaU9pSjBiMjU1SWl3aVpYaHdhWEpsWkNJNk1UVTJNekU1TVRJek4zMC5UU0h3MWtkNzNzVlY2WXJEYTRLRkJUajNSZDhjSllYb3pUS09nUVhWeng0
[INFO 2019-07-15 18:47:22]邮件发送成功
[INFO 2019-07-15 18:48:23]初始化配置文件, path=D:\PycharmProjects\API_Automation\Conf\config.ini
[INFO 2019-07-15 18:48:23]解析yaml, Path:D:\PycharmProjects\API_Automation/Params/Yaml/Basic.yaml
[INFO 2019-07-15 18:48:23]解析yaml, Path:D:\PycharmProjects\API_Automation/Params/Yaml/Product.yaml
[INFO 2019-07-15 18:48:23]解析yaml, Path:D:\PycharmProjects\API_Automation/Params/Yaml/Product.yaml
[DEBUG 2019-07-15 18:48:24]token: ZXlKMGVYQWlPaUpLVjFRaUxDSmhiR2NpT2lKSVV6STFOaUo5LmV5SnBaQ0k2TVN3aWRYTmxjbTVoYldVaU9pSjBiMjU1SWl3aVpYaHdhWEpsWkNJNk1UVTJNekU1TVRNd05IMC51U2Z2MmVRa0FfM0NaNGVXMzhRd0NpbGZtcHRXYTdheGd0LTljMWlGdWE4
[DEBUG 2019-07-15 18:48:29]token: ZXlKMGVYQWlPaUpLVjFRaUxDSmhiR2NpT2lKSVV6STFOaUo5LmV5SnBaQ0k2TVN3aWRYTmxjbTVoYldVaU9pSjBiMjU1SWl3aVpYaHdhWEpsWkNJNk1UVTJNekU1TVRNd09YMC5hZHVXRFRfYm9MNXhCWl90V1RGUXYwSEs4a3NvTGxMMlN3QVU2SGpmaGRj
[INFO 2019-07-15 18:48:38]邮件发送成功
[INFO 2019-07-15 18:49:51]初始化配置文件, path=D:\PycharmProjects\API_Automation\Conf\config.ini
[INFO 2019-07-15 18:49:51]解析yaml, Path:D:\PycharmProjects\API_Automation/Params/Yaml/Basic.yaml
[INFO 2019-07-15 18:49:51]解析yaml, Path:D:\PycharmProjects\API_Automation/Params/Yaml/Product.yaml
[INFO 2019-07-15 18:49:51]解析yaml, Path:D:\PycharmProjects\API_Automation/Params/Yaml/Product.yaml
[DEBUG 2019-07-15 18:49:54]token: ZXlKMGVYQWlPaUpLVjFRaUxDSmhiR2NpT2lKSVV6STFOaUo5LmV5SnBaQ0k2TVN3aWRYTmxjbTVoYldVaU9pSjBiMjU1SWl3aVpYaHdhWEpsWkNJNk1UVTJNekU1TVRNNU0zMC5rYlRRNzFMdGVKaXZWUUVUWWpiTmhKcmc3Nm5Zb05WM0pnTFhFbndmZjdB
[DEBUG 2019-07-15 18:50:03]token: ZXlKMGVYQWlPaUpLVjFRaUxDSmhiR2NpT2lKSVV6STFOaUo5LmV5SnBaQ0k2TVN3aWRYTmxjbTVoYldVaU9pSjBiMjU1SWl3aVpYaHdhWEpsWkNJNk1UVTJNekU1TVRRd01uMC54b1o1VWtZZWVDV3lpcHR1VkdIYmVUOVk2M0ZVVkoxRW1Oa2hiZDdWeTJF
[INFO 2019-07-15 18:50:09]邮件发送成功
[INFO 2019-07-15 18:51:48]初始化配置文件, path=D:\PycharmProjects\API_Automation\Conf\config.ini
[INFO 2019-07-15 18:51:49]解析yaml, Path:D:\PycharmProjects\API_Automation/Params/Yaml/Basic.yaml
[INFO 2019-07-15 18:51:49]解析yaml, Path:D:\PycharmProjects\API_Automation/Params/Yaml/Product.yaml
[INFO 2019-07-15 18:51:49]解析yaml, Path:D:\PycharmProjects\API_Automation/Params/Yaml/Product.yaml
[DEBUG 2019-07-15 18:51:50]token: ZXlKMGVYQWlPaUpLVjFRaUxDSmhiR2NpT2lKSVV6STFOaUo5LmV5SnBaQ0k2TVN3aWRYTmxjbTVoYldVaU9pSjBiMjU1SWl3aVpYaHdhWEpsWkNJNk1UVTJNekU1TVRVd09YMC54MmhFMUlTa1BQamlhOUtLanI1N2R1ZXFfbGpDNkJKRzNOd0hBRG1QQ1lj
[DEBUG 2019-07-15 18:51:53]token: ZXlKMGVYQWlPaUpLVjFRaUxDSmhiR2NpT2lKSVV6STFOaUo5LmV5SnBaQ0k2TVN3aWRYTmxjbTVoYldVaU9pSjBiMjU1SWl3aVpYaHdhWEpsWkNJNk1UVTJNekU1TVRVeE1uMC5fT0RZNTEtZGZpVE1XZnR0WEJNYndTUWhsSW0yeEpSeldCYnZ0bTFXN1hZ
[INFO 2019-07-15 18:55:15]初始化配置文件, path=D:\PycharmProjects\API_Automation\Conf\config.ini
[INFO 2019-07-15 18:55:15]解析yaml, Path:D:\PycharmProjects\API_Automation/Params/Yaml/Basic.yaml
[INFO 2019-07-15 18:55:15]解析yaml, Path:D:\PycharmProjects\API_Automation/Params/Yaml/Product.yaml
[INFO 2019-07-15 18:55:15]解析yaml, Path:D:\PycharmProjects\API_Automation/Params/Yaml/Product.yaml
[DEBUG 2019-07-15 18:55:17]token: ZXlKMGVYQWlPaUpLVjFRaUxDSmhiR2NpT2lKSVV6STFOaUo5LmV5SnBaQ0k2TVN3aWRYTmxjbTVoYldVaU9pSjBiMjU1SWl3aVpYaHdhWEpsWkNJNk1UVTJNekU1TVRjeE5uMC5WNVhGVFZLVkh5SzJZN0FJdGItdHdtZVNwRGg5X0o3RTNURG9WTHVLTWRZ
[DEBUG 2019-07-15 18:55:19]token: ZXlKMGVYQWlPaUpLVjFRaUxDSmhiR2NpT2lKSVV6STFOaUo5LmV5SnBaQ0k2TVN3aWRYTmxjbTVoYldVaU9pSjBiMjU1SWl3aVpYaHdhWEpsWkNJNk1UVTJNekU1TVRjeE9IMC5hbXBBTTUtQUh5X09waW5PVjB3ZzVIbWMwVTdzbE1YQ2xTNERhWkQzcVlF
[INFO 2019-07-15 18:55:27]邮件发送成功
[INFO 2019-07-15 18:57:46]初始化配置文件, path=D:\PycharmProjects\API_Automation\Conf\config.ini
[INFO 2019-07-15 18:57:46]解析yaml, Path:D:\PycharmProjects\API_Automation/Params/Yaml/Basic.yaml
[INFO 2019-07-15 18:57:46]解析yaml, Path:D:\PycharmProjects\API_Automation/Params/Yaml/Product.yaml
[INFO 2019-07-15 18:57:46]解析yaml, Path:D:\PycharmProjects\API_Automation/Params/Yaml/Product.yaml
[DEBUG 2019-07-15 18:57:47]token: ZXlKMGVYQWlPaUpLVjFRaUxDSmhiR2NpT2lKSVV6STFOaUo5LmV5SnBaQ0k2TVN3aWRYTmxjbTVoYldVaU9pSjBiMjU1SWl3aVpYaHdhWEpsWkNJNk1UVTJNekU1TVRnMk4zMC5hMFhaZDlfQ25tbWNBOXVYc1I2bmtKS3JCOFJ2X203amtyMlNfY3hLLWZF
[DEBUG 2019-07-15 18:57:50]token: ZXlKMGVYQWlPaUpLVjFRaUxDSmhiR2NpT2lKSVV6STFOaUo5LmV5SnBaQ0k2TVN3aWRYTmxjbTVoYldVaU9pSjBiMjU1SWl3aVpYaHdhWEpsWkNJNk1UVTJNekU1TVRnMk9YMC4zbHQ3R0RRejJFZWZ1RVAwWURZWGdQWEw0d0EyMFhpOGpzOVBBU180V29N
[INFO 2019-07-15 18:58:01]邮件发送成功
[INFO 2019-07-15 18:59:05]初始化配置文件, path=D:\PycharmProjects\API_Automation\Conf\config.ini
[INFO 2019-07-15 18:59:05]解析yaml, Path:D:\PycharmProjects\API_Automation/Params/Yaml/Basic.yaml
[INFO 2019-07-15 18:59:05]解析yaml, Path:D:\PycharmProjects\API_Automation/Params/Yaml/Product.yaml
[INFO 2019-07-15 18:59:05]解析yaml, Path:D:\PycharmProjects\API_Automation/Params/Yaml/Product.yaml
[DEBUG 2019-07-15 18:59:07]token: ZXlKMGVYQWlPaUpLVjFRaUxDSmhiR2NpT2lKSVV6STFOaUo5LmV5SnBaQ0k2TVN3aWRYTmxjbTVoYldVaU9pSjBiMjU1SWl3aVpYaHdhWEpsWkNJNk1UVTJNekU1TVRrME5uMC5TaWxIUzNxSmRqTHR4c1JYQWsxNVFfb3hfazMtTG5fd2k1X1dCbFUzNjZv
[DEBUG 2019-07-15 18:59:09]token: ZXlKMGVYQWlPaUpLVjFRaUxDSmhiR2NpT2lKSVV6STFOaUo5LmV5SnBaQ0k2TVN3aWRYTmxjbTVoYldVaU9pSjBiMjU1SWl3aVpYaHdhWEpsWkNJNk1UVTJNekU1TVRrME9IMC5taEhZYW04WjFOLXN3N1FJaDVYOE5WOWx2a2lBMWxta3BCRXBqRHNjQTFV
[INFO 2019-07-15 18:59:16]邮件发送成功
[INFO 2019-07-15 19:00:28]初始化配置文件, path=D:\PycharmProjects\API_Automation\Conf\config.ini
[INFO 2019-07-15 19:00:29]解析yaml, Path:D:\PycharmProjects\API_Automation/Params/Yaml/Basic.yaml
[INFO 2019-07-15 19:00:29]解析yaml, Path:D:\PycharmProjects\API_Automation/Params/Yaml/Product.yaml
[INFO 2019-07-15 19:00:29]解析yaml, Path:D:\PycharmProjects\API_Automation/Params/Yaml/Product.yaml
[DEBUG 2019-07-15 19:00:30]token: ZXlKMGVYQWlPaUpLVjFRaUxDSmhiR2NpT2lKSVV6STFOaUo5LmV5SnBaQ0k2TVN3aWRYTmxjbTVoYldVaU9pSjBiMjU1SWl3aVpYaHdhWEpsWkNJNk1UVTJNekU1TWpBeU9YMC5KT3pueENjZkFDeFJsZ2VYNl9OOHczc2hGUlpyVVF1T0hxUDg0MTlzMXVB
[DEBUG 2019-07-15 19:00:33]token: ZXlKMGVYQWlPaUpLVjFRaUxDSmhiR2NpT2lKSVV6STFOaUo5LmV5SnBaQ0k2TVN3aWRYTmxjbTVoYldVaU9pSjBiMjU1SWl3aVpYaHdhWEpsWkNJNk1UVTJNekU1TWpBek1uMC5LbEwyNUYySnVFMm5VU3B6bjRKaXVyQ0QtTVhySXVrTWZ0bHZXbXk5S1F3
[INFO 2019-07-15 19:00:45]邮件发送成功
[INFO 2019-07-15 19:02:14]初始化配置文件, path=D:\PycharmProjects\API_Automation\Conf\config.ini
[INFO 2019-07-15 19:02:14]解析yaml, Path:D:\PycharmProjects\API_Automation/Params/Yaml/Basic.yaml
[INFO 2019-07-15 19:02:14]解析yaml, Path:D:\PycharmProjects\API_Automation/Params/Yaml/Product.yaml
[INFO 2019-07-15 19:02:14]解析yaml, Path:D:\PycharmProjects\API_Automation/Params/Yaml/Product.yaml
[DEBUG 2019-07-15 19:02:15]token: ZXlKMGVYQWlPaUpLVjFRaUxDSmhiR2NpT2lKSVV6STFOaUo5LmV5SnBaQ0k2TVN3aWRYTmxjbTVoYldVaU9pSjBiMjU1SWl3aVpYaHdhWEpsWkNJNk1UVTJNekU1TWpFek5IMC5OQ2QxbU5UOEh5SzJpMjZzRXpsZnBoUXFEd0w3cXh1LWw5ZkhKVHdHbGNj
[DEBUG 2019-07-15 19:02:18]token: ZXlKMGVYQWlPaUpLVjFRaUxDSmhiR2NpT2lKSVV6STFOaUo5LmV5SnBaQ0k2TVN3aWRYTmxjbTVoYldVaU9pSjBiMjU1SWl3aVpYaHdhWEpsWkNJNk1UVTJNekU1TWpFek4zMC5YbVJyLWJOMXN2TDVmaWlLRHg4SkVVUTJQWE5Xa3BTOS1tSnpBNm5JeHlB
[INFO 2019-07-15 19:02:23]邮件发送成功
[INFO 2019-07-15 19:02:55]初始化配置文件, path=D:\PycharmProjects\API_Automation\Conf\config.ini
[INFO 2019-07-15 19:02:55]解析yaml, Path:D:\PycharmProjects\API_Automation/Params/Yaml/Basic.yaml
[INFO 2019-07-15 19:02:55]解析yaml, Path:D:\PycharmProjects\API_Automation/Params/Yaml/Product.yaml
[INFO 2019-07-15 19:02:55]解析yaml, Path:D:\PycharmProjects\API_Automation/Params/Yaml/Product.yaml
[DEBUG 2019-07-15 19:02:56]token: ZXlKMGVYQWlPaUpLVjFRaUxDSmhiR2NpT2lKSVV6STFOaUo5LmV5SnBaQ0k2TVN3aWRYTmxjbTVoYldVaU9pSjBiMjU1SWl3aVpYaHdhWEpsWkNJNk1UVTJNekU1TWpFM05YMC5rMEpCQ3dQODZxVnJZYkdyT1lNMzZtdU94ZlJTYnJXY21UWmMxTlZudk53
[DEBUG 2019-07-15 19:02:59]token: ZXlKMGVYQWlPaUpLVjFRaUxDSmhiR2NpT2lKSVV6STFOaUo5LmV5SnBaQ0k2TVN3aWRYTmxjbTVoYldVaU9pSjBiMjU1SWl3aVpYaHdhWEpsWkNJNk1UVTJNekU1TWpFM09IMC5ORUdXV0taTW5SRFdKRkpuNDZyck1fV19yXzY1RzR3U0JPaEhsVjJyUmE0
[INFO 2019-07-15 19:03:08]邮件发送成功
[INFO 2019-07-15 19:03:59]初始化配置文件, path=D:\PycharmProjects\API_Automation\Conf\config.ini
[INFO 2019-07-15 19:03:59]解析yaml, Path:D:\PycharmProjects\API_Automation/Params/Yaml/Basic.yaml
[INFO 2019-07-15 19:03:59]解析yaml, Path:D:\PycharmProjects\API_Automation/Params/Yaml/Product.yaml
[INFO 2019-07-15 19:03:59]解析yaml, Path:D:\PycharmProjects\API_Automation/Params/Yaml/Product.yaml
[DEBUG 2019-07-15 19:04:00]token: ZXlKMGVYQWlPaUpLVjFRaUxDSmhiR2NpT2lKSVV6STFOaUo5LmV5SnBaQ0k2TVN3aWRYTmxjbTVoYldVaU9pSjBiMjU1SWl3aVpYaHdhWEpsWkNJNk1UVTJNekU1TWpJME1IMC5wV3JJN1BidDlWQnBtYVRFeW9qSl8zNFlWRkF4bVhDVWxJTXhmQV9ENTl3
[DEBUG 2019-07-15 19:04:07]token: ZXlKMGVYQWlPaUpLVjFRaUxDSmhiR2NpT2lKSVV6STFOaUo5LmV5SnBaQ0k2TVN3aWRYTmxjbTVoYldVaU9pSjBiMjU1SWl3aVpYaHdhWEpsWkNJNk1UVTJNekU1TWpJME5uMC5FY3dmMHZHU2N5RE56RkNsRFFqN0d0ejZfaFVhZ1RnLWVGMFVuRG84b3lJ
[INFO 2019-07-15 19:04:12]邮件发送成功
[INFO 2019-07-15 19:06:31]初始化配置文件, path=D:\PycharmProjects\API_Automation\Conf\config.ini
[INFO 2019-07-15 19:06:31]解析yaml, Path:D:\PycharmProjects\API_Automation/Params/Yaml/Basic.yaml
[INFO 2019-07-15 19:06:31]解析yaml, Path:D:\PycharmProjects\API_Automation/Params/Yaml/Product.yaml
[INFO 2019-07-15 19:06:31]解析yaml, Path:D:\PycharmProjects\API_Automation/Params/Yaml/Product.yaml
[DEBUG 2019-07-15 19:06:32]token: ZXlKMGVYQWlPaUpLVjFRaUxDSmhiR2NpT2lKSVV6STFOaUo5LmV5SnBaQ0k2TVN3aWRYTmxjbTVoYldVaU9pSjBiMjU1SWl3aVpYaHdhWEpsWkNJNk1UVTJNekU1TWpNNU1YMC42Um00Sm1hQ0FlZzhSWEU3Vk9JaGN3Rjc0N3VIQ0RpbzF1S3AxNkJhck1j
[DEBUG 2019-07-15 19:06:34]token: ZXlKMGVYQWlPaUpLVjFRaUxDSmhiR2NpT2lKSVV6STFOaUo5LmV5SnBaQ0k2TVN3aWRYTmxjbTVoYldVaU9pSjBiMjU1SWl3aVpYaHdhWEpsWkNJNk1UVTJNekU1TWpNNU0zMC5NaWFCUVVVSy16QTFoYUdEdnpyaDNSa3Y3VFV2RHdWVllSZXlRQ3lPcURV
[ERROR 2019-07-15 19:06:37]执行用例失败，请检查环境配置
[INFO 2019-07-16 10:06:37]初始化配置文件, path=D:\PycharmProjects\API_Automation\Conf\config.ini
[INFO 2019-07-16 10:06:37]解析yaml, Path:D:\PycharmProjects\API_Automation/Params/Yaml/Basic.yaml
[INFO 2019-07-16 10:06:37]解析yaml, Path:D:\PycharmProjects\API_Automation/Params/Yaml/Product.yaml
[INFO 2019-07-16 10:06:37]解析yaml, Path:D:\PycharmProjects\API_Automation/Params/Yaml/Product.yaml
[DEBUG 2019-07-16 10:06:38]token: ZXlKMGVYQWlPaUpLVjFRaUxDSmhiR2NpT2lKSVV6STFOaUo5LmV5SnBaQ0k2TVN3aWRYTmxjbTVoYldVaU9pSjBiMjU1SWl3aVpYaHdhWEpsWkNJNk1UVTJNekkwTmpNNU9IMC45UjhiYzFxWTlHS1g5V0l0cVo5akxUZVIySFdNTGQ1VkpzWnlISnhRX0VZ
[DEBUG 2019-07-16 10:06:40]token: ZXlKMGVYQWlPaUpLVjFRaUxDSmhiR2NpT2lKSVV6STFOaUo5LmV5SnBaQ0k2TVN3aWRYTmxjbTVoYldVaU9pSjBiMjU1SWl3aVpYaHdhWEpsWkNJNk1UVTJNekkwTmpRd01IMC5ZZEJFWmZKR0NUM3ZvUDEwOGZxRlVSQ1pRbzVZVndOY21SUzhIUmc0RS1j
[ERROR 2019-07-16 10:06:50]执行用例失败，请检查环境配置
[INFO 2019-07-16 10:07:23]初始化配置文件, path=D:\PycharmProjects\API_Automation\Conf\config.ini
[INFO 2019-07-16 10:07:23]解析yaml, Path:D:\PycharmProjects\API_Automation/Params/Yaml/Basic.yaml
[INFO 2019-07-16 10:07:23]解析yaml, Path:D:\PycharmProjects\API_Automation/Params/Yaml/Product.yaml
[INFO 2019-07-16 10:07:23]解析yaml, Path:D:\PycharmProjects\API_Automation/Params/Yaml/Product.yaml
[DEBUG 2019-07-16 10:07:27]token: ZXlKMGVYQWlPaUpLVjFRaUxDSmhiR2NpT2lKSVV6STFOaUo5LmV5SnBaQ0k2TVN3aWRYTmxjbTVoYldVaU9pSjBiMjU1SWl3aVpYaHdhWEpsWkNJNk1UVTJNekkwTmpRME5uMC5WZnljZXplaUhBVTVTQUdoUGdvVEFINzJJc29qQjlrQ3I5a2xxSDhiSkdZ
[DEBUG 2019-07-16 10:07:29]token: ZXlKMGVYQWlPaUpLVjFRaUxDSmhiR2NpT2lKSVV6STFOaUo5LmV5SnBaQ0k2TVN3aWRYTmxjbTVoYldVaU9pSjBiMjU1SWl3aVpYaHdhWEpsWkNJNk1UVTJNekkwTmpRME9IMC5yWFFoX1VxTVVqZ2ZZZGhUM2dwTk5GbEZwYXZWZ2dhMzEtYkMydnc3Rktr
[INFO 2019-07-16 10:07:36]邮件发送成功
[INFO 2019-07-16 10:11:27]初始化配置文件, path=D:\PycharmProjects\API_Automation\Conf\config.ini
[INFO 2019-07-16 10:11:27]解析yaml, Path:D:\PycharmProjects\API_Automation/Params/Yaml/Basic.yaml
[INFO 2019-07-16 10:11:27]解析yaml, Path:D:\PycharmProjects\API_Automation/Params/Yaml/Product.yaml
[INFO 2019-07-16 10:11:27]解析yaml, Path:D:\PycharmProjects\API_Automation/Params/Yaml/Product.yaml
[DEBUG 2019-07-16 10:11:28]token: ZXlKMGVYQWlPaUpLVjFRaUxDSmhiR2NpT2lKSVV6STFOaUo5LmV5SnBaQ0k2TVN3aWRYTmxjbTVoYldVaU9pSjBiMjU1SWl3aVpYaHdhWEpsWkNJNk1UVTJNekkwTmpZNE9IMC5YUkZ5dm9Hdk82Mk1aNFdoNDRFa0x6cXhYREMwX2dScjdHNXdkVHBKM2Rv
[DEBUG 2019-07-16 10:11:30]token: ZXlKMGVYQWlPaUpLVjFRaUxDSmhiR2NpT2lKSVV6STFOaUo5LmV5SnBaQ0k2TVN3aWRYTmxjbTVoYldVaU9pSjBiMjU1SWl3aVpYaHdhWEpsWkNJNk1UVTJNekkwTmpZNU1IMC5Zc2owWUJGajZsbUpVTl9lV2F2d0RoUXFWWTJHTWU3TlpLVlJ5ckpjaE1z
[INFO 2019-07-16 10:11:38]邮件发送成功
[INFO 2019-07-16 10:12:09]初始化配置文件, path=D:\PycharmProjects\API_Automation\Conf\config.ini
[INFO 2019-07-16 10:12:09]解析yaml, Path:D:\PycharmProjects\API_Automation/Params/Yaml/Basic.yaml
[INFO 2019-07-16 10:12:09]解析yaml, Path:D:\PycharmProjects\API_Automation/Params/Yaml/Product.yaml
[INFO 2019-07-16 10:12:09]解析yaml, Path:D:\PycharmProjects\API_Automation/Params/Yaml/Product.yaml
[DEBUG 2019-07-16 10:12:10]token: ZXlKMGVYQWlPaUpLVjFRaUxDSmhiR2NpT2lKSVV6STFOaUo5LmV5SnBaQ0k2TVN3aWRYTmxjbTVoYldVaU9pSjBiMjU1SWl3aVpYaHdhWEpsWkNJNk1UVTJNekkwTmpjeU9YMC5reFd5TnhEZWo3ZWxUc1Z2dm5qSGFqVkpseUIwczVfNXlteDE5X25IOGQ4
[DEBUG 2019-07-16 10:12:13]token: ZXlKMGVYQWlPaUpLVjFRaUxDSmhiR2NpT2lKSVV6STFOaUo5LmV5SnBaQ0k2TVN3aWRYTmxjbTVoYldVaU9pSjBiMjU1SWl3aVpYaHdhWEpsWkNJNk1UVTJNekkwTmpjek1uMC5Jc3J6dXpybHdSbjN3Qnd0UkNBdUV1MTRJYWRkU3dOS2xJUDFiXzdaN1JV
[INFO 2019-07-16 10:12:21]邮件发送成功
[INFO 2019-07-16 10:40:11]初始化配置文件, path=D:\PycharmProjects\API_Automation\Conf\config.ini
[INFO 2019-07-16 10:40:11]解析yaml, Path:D:\PycharmProjects\API_Automation/Params/Yaml/Basic.yaml
[INFO 2019-07-16 10:40:11]解析yaml, Path:D:\PycharmProjects\API_Automation/Params/Yaml/Product.yaml
[INFO 2019-07-16 10:40:11]解析yaml, Path:D:\PycharmProjects\API_Automation/Params/Yaml/Product.yaml
[INFO 2019-07-16 10:40:11]解析yaml, Path:D:\PycharmProjects\API_Automation/Params/Yaml/Product.yaml
[INFO 2019-07-16 10:40:11]解析yaml, Path:D:\PycharmProjects\API_Automation/Params/Yaml/Basic.yaml
[INFO 2019-07-16 10:40:11]解析yaml, Path:D:\PycharmProjects\API_Automation/Params/Yaml/Product.yaml
[INFO 2019-07-16 10:40:11]解析yaml, Path:D:\PycharmProjects\API_Automation/Params/Yaml/Product.yaml
[INFO 2019-07-16 10:40:11]解析yaml, Path:D:\PycharmProjects\API_Automation/Params/Yaml/Product.yaml
[INFO 2019-07-16 10:40:11]解析yaml, Path:D:\PycharmProjects\API_Automation/Params/Yaml/Basic.yaml
[INFO 2019-07-16 10:40:11]解析yaml, Path:D:\PycharmProjects\API_Automation/Params/Yaml/Product.yaml
[INFO 2019-07-16 10:40:11]解析yaml, Path:D:\PycharmProjects\API_Automation/Params/Yaml/Product.yaml
[INFO 2019-07-16 10:40:11]解析yaml, Path:D:\PycharmProjects\API_Automation/Params/Yaml/Product.yaml
[INFO 2019-07-16 10:40:11]解析yaml, Path:D:\PycharmProjects\API_Automation/Params/Yaml/Basic.yaml
[INFO 2019-07-16 10:40:11]解析yaml, Path:D:\PycharmProjects\API_Automation/Params/Yaml/Product.yaml
[INFO 2019-07-16 10:40:11]解析yaml, Path:D:\PycharmProjects\API_Automation/Params/Yaml/Product.yaml
[INFO 2019-07-16 10:40:11]解析yaml, Path:D:\PycharmProjects\API_Automation/Params/Yaml/Product.yaml
[INFO 2019-07-16 10:40:18]邮件发送成功
[INFO 2019-07-16 10:43:47]初始化配置文件, path=D:\PycharmProjects\API_Automation\Conf\config.ini
[INFO 2019-07-16 10:43:47]解析yaml, Path:D:\PycharmProjects\API_Automation/Params/Yaml/Basic.yaml
[INFO 2019-07-16 10:43:47]解析yaml, Path:D:\PycharmProjects\API_Automation/Params/Yaml/Product.yaml
[INFO 2019-07-16 10:43:47]解析yaml, Path:D:\PycharmProjects\API_Automation/Params/Yaml/Product.yaml
[INFO 2019-07-16 10:43:47]解析yaml, Path:D:\PycharmProjects\API_Automation/Params/Yaml/Product.yaml
[DEBUG 2019-07-16 10:43:48]token: ZXlKMGVYQWlPaUpLVjFRaUxDSmhiR2NpT2lKSVV6STFOaUo5LmV5SnBaQ0k2TVN3aWRYTmxjbTVoYldVaU9pSjBiMjU1SWl3aVpYaHdhWEpsWkNJNk1UVTJNekkwT0RZeU9IMC5UWGlSRnFJMG5iVS0wcGV3ZTc4UHZyMm5yX3dqU2NKMGxrYzJtNFdXSnY4
[DEBUG 2019-07-16 10:43:51]token: ZXlKMGVYQWlPaUpLVjFRaUxDSmhiR2NpT2lKSVV6STFOaUo5LmV5SnBaQ0k2TVN3aWRYTmxjbTVoYldVaU9pSjBiMjU1SWl3aVpYaHdhWEpsWkNJNk1UVTJNekkwT0RZek1YMC4zMHJ2SDFzRGNpckhpWTJ0Tm1PT2RpWm9oTG9EeldWYnlMZHQ2QVh5Z3dj
[DEBUG 2019-07-16 10:43:53]token: ZXlKMGVYQWlPaUpLVjFRaUxDSmhiR2NpT2lKSVV6STFOaUo5LmV5SnBaQ0k2TVN3aWRYTmxjbTVoYldVaU9pSjBiMjU1SWl3aVpYaHdhWEpsWkNJNk1UVTJNekkwT0RZek0zMC5XU3d3cHIybVd6OC1rV2NscmNkZHgyYW9rRUp2cmtjTmlvY1E3a3pxeVhn
[INFO 2019-07-16 10:44:00]邮件发送成功
[INFO 2019-07-16 10:48:30]初始化配置文件, path=D:\PycharmProjects\API_Automation\Conf\config.ini
[INFO 2019-07-16 10:48:30]解析yaml, Path:D:\PycharmProjects\API_Automation/Params/Yaml/Basic.yaml
[INFO 2019-07-16 10:48:30]解析yaml, Path:D:\PycharmProjects\API_Automation/Params/Yaml/Product.yaml
[INFO 2019-07-16 10:48:30]解析yaml, Path:D:\PycharmProjects\API_Automation/Params/Yaml/Product.yaml
[INFO 2019-07-16 10:48:30]解析yaml, Path:D:\PycharmProjects\API_Automation/Params/Yaml/Product.yaml
[DEBUG 2019-07-16 10:48:32]token: ZXlKMGVYQWlPaUpLVjFRaUxDSmhiR2NpT2lKSVV6STFOaUo5LmV5SnBaQ0k2TVN3aWRYTmxjbTVoYldVaU9pSjBiMjU1SWl3aVpYaHdhWEpsWkNJNk1UVTJNekkwT0RreE1YMC5YWmowYnV0UkF5cmNJdnRqVGJ5VFQtNVFQWk9TLUYtQU4zVkRsekJtUmpn
[DEBUG 2019-07-16 10:48:34]token: ZXlKMGVYQWlPaUpLVjFRaUxDSmhiR2NpT2lKSVV6STFOaUo5LmV5SnBaQ0k2TVN3aWRYTmxjbTVoYldVaU9pSjBiMjU1SWl3aVpYaHdhWEpsWkNJNk1UVTJNekkwT0RreE0zMC5hM2w4b2MtWnNMT25VcXFGNmFwOExHcXpFR0pPSXhqRGJYTFo4ZTRFbXdn
[DEBUG 2019-07-16 10:48:36]token: ZXlKMGVYQWlPaUpLVjFRaUxDSmhiR2NpT2lKSVV6STFOaUo5LmV5SnBaQ0k2TVN3aWRYTmxjbTVoYldVaU9pSjBiMjU1SWl3aVpYaHdhWEpsWkNJNk1UVTJNekkwT0RreE5YMC54U0xUTVY4YWk0NDNmRUlTRnliWDFHM2t4ekVsekxJaTlzcGtFLUJuTzhR
[ERROR 2019-07-16 10:48:37]statusCode error, expected_code is 200, statusCode is 401 
[INFO 2019-07-16 10:48:45]邮件发送成功
[INFO 2019-07-16 10:55:59]解析yaml, Path:D:\PycharmProjects\API_Automation/Params/Yaml/Basic.yaml
[INFO 2019-07-16 10:55:59]解析yaml, Path:D:\PycharmProjects\API_Automation/Params/Yaml/Product.yaml
[INFO 2019-07-16 10:55:59]解析yaml, Path:D:\PycharmProjects\API_Automation/Params/Yaml/Product.yaml
[INFO 2019-07-16 10:55:59]解析yaml, Path:D:\PycharmProjects\API_Automation/Params/Yaml/Product.yaml
[DEBUG 2019-07-16 10:56:00]token: ZXlKMGVYQWlPaUpLVjFRaUxDSmhiR2NpT2lKSVV6STFOaUo5LmV5SnBaQ0k2TVN3aWRYTmxjbTVoYldVaU9pSjBiMjU1SWl3aVpYaHdhWEpsWkNJNk1UVTJNekkwT1RNMk1IMC5jaXZ6eFZrcHZLYjV2VUlEbE10NUY0LVEwSlFNWlhVczJzYUYzNkFOc2ow
[INFO 2019-07-16 10:56:59]解析yaml, Path:D:\PycharmProjects\API_Automation/Params/Yaml/Basic.yaml
[INFO 2019-07-16 10:56:59]解析yaml, Path:D:\PycharmProjects\API_Automation/Params/Yaml/Product.yaml
[INFO 2019-07-16 10:56:59]解析yaml, Path:D:\PycharmProjects\API_Automation/Params/Yaml/Product.yaml
[INFO 2019-07-16 10:56:59]解析yaml, Path:D:\PycharmProjects\API_Automation/Params/Yaml/Product.yaml
[DEBUG 2019-07-16 10:57:01]token: ZXlKMGVYQWlPaUpLVjFRaUxDSmhiR2NpT2lKSVV6STFOaUo5LmV5SnBaQ0k2TVN3aWRYTmxjbTVoYldVaU9pSjBiMjU1SWl3aVpYaHdhWEpsWkNJNk1UVTJNekkwT1RReU1IMC5fSjlkRkhVaFROOFM2aGlvLXI1cnFQX3JudGF2QVdvX2tST0pnNngxLVlZ
[INFO 2019-07-16 10:57:49]解析yaml, Path:D:\PycharmProjects\API_Automation/Params/Yaml/Basic.yaml
[INFO 2019-07-16 10:57:49]解析yaml, Path:D:\PycharmProjects\API_Automation/Params/Yaml/Product.yaml
[INFO 2019-07-16 10:57:49]解析yaml, Path:D:\PycharmProjects\API_Automation/Params/Yaml/Product.yaml
[INFO 2019-07-16 10:57:49]解析yaml, Path:D:\PycharmProjects\API_Automation/Params/Yaml/Product.yaml
[DEBUG 2019-07-16 10:57:51]token: ZXlKMGVYQWlPaUpLVjFRaUxDSmhiR2NpT2lKSVV6STFOaUo5LmV5SnBaQ0k2TVN3aWRYTmxjbTVoYldVaU9pSjBiMjU1SWl3aVpYaHdhWEpsWkNJNk1UVTJNekkwT1RRM01IMC5qLTAyWFhiMm5jZ3czcHZCZ1lmRFc1b05CSVdUQ1l6a1lIZmJ4RXRmZGxB
[INFO 2019-07-16 10:58:32]初始化配置文件, path=D:\PycharmProjects\API_Automation\Conf\config.ini
[INFO 2019-07-16 10:58:32]解析yaml, Path:D:\PycharmProjects\API_Automation/Params/Yaml/Basic.yaml
[INFO 2019-07-16 10:58:32]解析yaml, Path:D:\PycharmProjects\API_Automation/Params/Yaml/Product.yaml
[INFO 2019-07-16 10:58:32]解析yaml, Path:D:\PycharmProjects\API_Automation/Params/Yaml/Product.yaml
[INFO 2019-07-16 10:58:32]解析yaml, Path:D:\PycharmProjects\API_Automation/Params/Yaml/Product.yaml
[DEBUG 2019-07-16 10:58:34]token: ZXlKMGVYQWlPaUpLVjFRaUxDSmhiR2NpT2lKSVV6STFOaUo5LmV5SnBaQ0k2TVN3aWRYTmxjbTVoYldVaU9pSjBiMjU1SWl3aVpYaHdhWEpsWkNJNk1UVTJNekkwT1RVeE0zMC5ldHdtamF0VndIWExyLVMwR2xCejM5SFJyWUN2Z2RLV053SEFTTmlsT2Zn
[DEBUG 2019-07-16 10:58:37]token: ZXlKMGVYQWlPaUpLVjFRaUxDSmhiR2NpT2lKSVV6STFOaUo5LmV5SnBaQ0k2TVN3aWRYTmxjbTVoYldVaU9pSjBiMjU1SWl3aVpYaHdhWEpsWkNJNk1UVTJNekkwT1RVeE5uMC54TTYweUJ0QlFjMDNqSjFTUUU3QmdiSDlxLXlMVFFWSGRZSzRtdXFkRDZF
[DEBUG 2019-07-16 10:58:39]token: ZXlKMGVYQWlPaUpLVjFRaUxDSmhiR2NpT2lKSVV6STFOaUo5LmV5SnBaQ0k2TVN3aWRYTmxjbTVoYldVaU9pSjBiMjU1SWl3aVpYaHdhWEpsWkNJNk1UVTJNekkwT1RVeE9IMC5LN3lHNXU4VUxtRks4emNQUFRoLUowc2xqN0JaT0EwM21FWnNTZXhFc1k4
[INFO 2019-07-16 10:58:49]邮件发送成功
[INFO 2019-07-16 10:59:36]解析yaml, Path:D:\PycharmProjects\API_Automation/Params/Yaml/Basic.yaml
[INFO 2019-07-16 10:59:36]解析yaml, Path:D:\PycharmProjects\API_Automation/Params/Yaml/Product.yaml
[INFO 2019-07-16 10:59:36]解析yaml, Path:D:\PycharmProjects\API_Automation/Params/Yaml/Product.yaml
[INFO 2019-07-16 10:59:36]解析yaml, Path:D:\PycharmProjects\API_Automation/Params/Yaml/Product.yaml
[INFO 2019-07-16 10:59:43]解析yaml, Path:D:\PycharmProjects\API_Automation/Params/Yaml/Basic.yaml
[INFO 2019-07-16 10:59:43]解析yaml, Path:D:\PycharmProjects\API_Automation/Params/Yaml/Product.yaml
[INFO 2019-07-16 10:59:43]解析yaml, Path:D:\PycharmProjects\API_Automation/Params/Yaml/Product.yaml
[INFO 2019-07-16 10:59:43]解析yaml, Path:D:\PycharmProjects\API_Automation/Params/Yaml/Product.yaml
[DEBUG 2019-07-16 10:59:44]token: ZXlKMGVYQWlPaUpLVjFRaUxDSmhiR2NpT2lKSVV6STFOaUo5LmV5SnBaQ0k2TVN3aWRYTmxjbTVoYldVaU9pSjBiMjU1SWl3aVpYaHdhWEpsWkNJNk1UVTJNekkwT1RVNE0zMC5FUzhaYVhMTlRfUzZNcU1xSzVzMVllMVB3dm50b3RxWFFTa1o2Y2JySC1n
[INFO 2019-07-16 11:00:23]解析yaml, Path:D:\PycharmProjects\API_Automation/Params/Yaml/Basic.yaml
[INFO 2019-07-16 11:00:23]解析yaml, Path:D:\PycharmProjects\API_Automation/Params/Yaml/Product.yaml
[INFO 2019-07-16 11:00:23]解析yaml, Path:D:\PycharmProjects\API_Automation/Params/Yaml/Product.yaml
[INFO 2019-07-16 11:00:23]解析yaml, Path:D:\PycharmProjects\API_Automation/Params/Yaml/Product.yaml
[DEBUG 2019-07-16 11:00:24]token: ZXlKMGVYQWlPaUpLVjFRaUxDSmhiR2NpT2lKSVV6STFOaUo5LmV5SnBaQ0k2TVN3aWRYTmxjbTVoYldVaU9pSjBiMjU1SWl3aVpYaHdhWEpsWkNJNk1UVTJNekkwT1RZeU0zMC5pNFg4M21EZ1lieG9BZEsyUVNGOUZLa1ZGczd0TjNaTkxuQlVpclRocEJZ
[INFO 2019-07-16 11:02:39]解析yaml, Path:D:\PycharmProjects\API_Automation/Params/Yaml/Basic.yaml
[INFO 2019-07-16 11:02:39]解析yaml, Path:D:\PycharmProjects\API_Automation/Params/Yaml/Product.yaml
[INFO 2019-07-16 11:02:39]解析yaml, Path:D:\PycharmProjects\API_Automation/Params/Yaml/Product.yaml
[INFO 2019-07-16 11:02:39]解析yaml, Path:D:\PycharmProjects\API_Automation/Params/Yaml/Product.yaml
[DEBUG 2019-07-16 11:02:41]token: ZXlKMGVYQWlPaUpLVjFRaUxDSmhiR2NpT2lKSVV6STFOaUo5LmV5SnBaQ0k2TVN3aWRYTmxjbTVoYldVaU9pSjBiMjU1SWl3aVpYaHdhWEpsWkNJNk1UVTJNekkwT1RjMk1IMC43Yjl0RVJKQzFPZjVqOGF4Ulo1OTNTMEZwSFZDUnVseS14bk5taTFMNzhJ
[INFO 2019-07-16 11:04:09]解析yaml, Path:D:\PycharmProjects\API_Automation/Params/Yaml/Basic.yaml
[INFO 2019-07-16 11:04:09]解析yaml, Path:D:\PycharmProjects\API_Automation/Params/Yaml/Product.yaml
[INFO 2019-07-16 11:04:09]解析yaml, Path:D:\PycharmProjects\API_Automation/Params/Yaml/Product.yaml
[INFO 2019-07-16 11:04:09]解析yaml, Path:D:\PycharmProjects\API_Automation/Params/Yaml/Product.yaml
[DEBUG 2019-07-16 11:04:11]token: ZXlKMGVYQWlPaUpLVjFRaUxDSmhiR2NpT2lKSVV6STFOaUo5LmV5SnBaQ0k2TVN3aWRYTmxjbTVoYldVaU9pSjBiMjU1SWl3aVpYaHdhWEpsWkNJNk1UVTJNekkwT1RnMU1IMC5oZHE0Q3B5d2FMN1JHOVFMbnlsdExqdm03aVVZSldvV3IwX2VWTFJPRXhr
[ERROR 2019-07-16 11:04:12]statusCode error, expected_code is 200, statusCode is 400 
[INFO 2019-07-16 11:08:36]解析yaml, Path:D:\PycharmProjects\API_Automation/Params/Yaml/Basic.yaml
[INFO 2019-07-16 11:08:36]解析yaml, Path:D:\PycharmProjects\API_Automation/Params/Yaml/Product.yaml
[INFO 2019-07-16 11:08:36]解析yaml, Path:D:\PycharmProjects\API_Automation/Params/Yaml/Product.yaml
[INFO 2019-07-16 11:08:36]解析yaml, Path:D:\PycharmProjects\API_Automation/Params/Yaml/Product.yaml
[DEBUG 2019-07-16 11:08:38]token: ZXlKMGVYQWlPaUpLVjFRaUxDSmhiR2NpT2lKSVV6STFOaUo5LmV5SnBaQ0k2TVN3aWRYTmxjbTVoYldVaU9pSjBiMjU1SWl3aVpYaHdhWEpsWkNJNk1UVTJNekkxTURFeE4zMC5PWWdxMDNCQ2dGY3JiakVTOFpzTHFkMno2Z3FSb3l2N21ZYXBjaENXS0Y4
[INFO 2019-07-16 11:10:25]解析yaml, Path:D:\PycharmProjects\API_Automation/Params/Yaml/Basic.yaml
[INFO 2019-07-16 11:10:25]解析yaml, Path:D:\PycharmProjects\API_Automation/Params/Yaml/Product.yaml
[INFO 2019-07-16 11:10:25]解析yaml, Path:D:\PycharmProjects\API_Automation/Params/Yaml/Product.yaml
[INFO 2019-07-16 11:10:25]解析yaml, Path:D:\PycharmProjects\API_Automation/Params/Yaml/Product.yaml
[DEBUG 2019-07-16 11:10:26]token: ZXlKMGVYQWlPaUpLVjFRaUxDSmhiR2NpT2lKSVV6STFOaUo5LmV5SnBaQ0k2TVN3aWRYTmxjbTVoYldVaU9pSjBiMjU1SWl3aVpYaHdhWEpsWkNJNk1UVTJNekkxTURJeU5uMC5fZVF6Wkx4c0tYVm1WRENjV3VvRnpKcE1DeWFoS3NvWFJhZmpjaHFmaXBv
[INFO 2019-07-16 11:10:44]初始化配置文件, path=D:\PycharmProjects\API_Automation\Conf\config.ini
[INFO 2019-07-16 11:10:45]解析yaml, Path:D:\PycharmProjects\API_Automation/Params/Yaml/Basic.yaml
[INFO 2019-07-16 11:10:45]解析yaml, Path:D:\PycharmProjects\API_Automation/Params/Yaml/Product.yaml
[INFO 2019-07-16 11:10:45]解析yaml, Path:D:\PycharmProjects\API_Automation/Params/Yaml/Product.yaml
[INFO 2019-07-16 11:10:45]解析yaml, Path:D:\PycharmProjects\API_Automation/Params/Yaml/Product.yaml
[DEBUG 2019-07-16 11:10:46]token: ZXlKMGVYQWlPaUpLVjFRaUxDSmhiR2NpT2lKSVV6STFOaUo5LmV5SnBaQ0k2TVN3aWRYTmxjbTVoYldVaU9pSjBiMjU1SWl3aVpYaHdhWEpsWkNJNk1UVTJNekkxTURJME5YMC5rS1hnRGxyR1JpRUdoV3BVaTBHMkRoQ3ZvZ05XV25MSG55ZWdNMzNPQ0pN
[DEBUG 2019-07-16 11:10:48]token: ZXlKMGVYQWlPaUpLVjFRaUxDSmhiR2NpT2lKSVV6STFOaUo5LmV5SnBaQ0k2TVN3aWRYTmxjbTVoYldVaU9pSjBiMjU1SWl3aVpYaHdhWEpsWkNJNk1UVTJNekkxTURJME4zMC5lRENhYS1GQm83QUpLMHo1Zm55YnE5M21jcEtXdGNnS2VmaTNjdlVVeVFZ
[DEBUG 2019-07-16 11:10:50]token: ZXlKMGVYQWlPaUpLVjFRaUxDSmhiR2NpT2lKSVV6STFOaUo5LmV5SnBaQ0k2TVN3aWRYTmxjbTVoYldVaU9pSjBiMjU1SWl3aVpYaHdhWEpsWkNJNk1UVTJNekkxTURJME9YMC5kaDVxVEhoUUs5bHZIeWN3N3AzQVR1SEJlY2ZlMlhsbU9PMjNrclc5U0hj
[INFO 2019-07-16 11:10:58]邮件发送成功
[INFO 2019-07-16 15:22:27]初始化配置文件, path=D:\PycharmProjects\Creative_Api\Conf\config.ini
[INFO 2019-07-16 15:22:33]邮件发送成功
[INFO 2019-07-16 15:23:24]初始化配置文件, path=D:\PycharmProjects\Creative_Api\Conf\config.ini
[INFO 2019-07-16 15:23:24]解析yaml, Path:D:\PycharmProjects\Creative_Api/Params/Yaml/Basic.yaml
[INFO 2019-07-16 15:23:24]解析yaml, Path:D:\PycharmProjects\Creative_Api/Params/Yaml/Product.yaml
[INFO 2019-07-16 15:23:24]解析yaml, Path:D:\PycharmProjects\Creative_Api/Params/Yaml/Product.yaml
[INFO 2019-07-16 15:23:24]解析yaml, Path:D:\PycharmProjects\Creative_Api/Params/Yaml/Product.yaml
[INFO 2019-07-16 15:23:30]邮件发送成功
[INFO 2019-07-16 15:33:40]初始化配置文件, path=D:\PycharmProjects\API_Automation\Conf\config.ini
[INFO 2019-07-16 15:33:40]解析yaml, Path:D:\PycharmProjects\API_Automation/Params/Yaml/Basic.yaml
[INFO 2019-07-16 15:33:40]解析yaml, Path:D:\PycharmProjects\API_Automation/Params/Yaml/Product.yaml
[INFO 2019-07-16 15:33:40]解析yaml, Path:D:\PycharmProjects\API_Automation/Params/Yaml/Product.yaml
[INFO 2019-07-16 15:33:40]解析yaml, Path:D:\PycharmProjects\API_Automation/Params/Yaml/Product.yaml
[INFO 2019-07-16 15:33:45]邮件发送成功
[INFO 2019-07-16 15:34:16]初始化配置文件, path=D:\PycharmProjects\API_Automation\Conf\config.ini
[INFO 2019-07-16 15:34:16]解析yaml, Path:D:\PycharmProjects\API_Automation/Params/Yaml/Basic.yaml
[INFO 2019-07-16 15:34:16]解析yaml, Path:D:\PycharmProjects\API_Automation/Params/Yaml/Product.yaml
[INFO 2019-07-16 15:34:16]解析yaml, Path:D:\PycharmProjects\API_Automation/Params/Yaml/Product.yaml
[INFO 2019-07-16 15:34:16]解析yaml, Path:D:\PycharmProjects\API_Automation/Params/Yaml/Product.yaml
[DEBUG 2019-07-16 15:34:21]token: ZXlKMGVYQWlPaUpLVjFRaUxDSmhiR2NpT2lKSVV6STFOaUo5LmV5SnBaQ0k2TVN3aWRYTmxjbTVoYldVaU9pSjBiMjU1SWl3aVpYaHdhWEpsWkNJNk1UVTJNekkyTmpBMk1IMC45bkFZZUVWRzBadFZZcWJLMFVvTWt6SXhtbHdNLUlKUnRrNURZbUlJNGdr
[DEBUG 2019-07-16 15:34:23]token: ZXlKMGVYQWlPaUpLVjFRaUxDSmhiR2NpT2lKSVV6STFOaUo5LmV5SnBaQ0k2TVN3aWRYTmxjbTVoYldVaU9pSjBiMjU1SWl3aVpYaHdhWEpsWkNJNk1UVTJNekkyTmpBMk1uMC5WblIxYjlpR0pBa2VQcVB5bGlPeTdrLVZ5UjRYZld6R2VHQXFfOE9COWxV
[DEBUG 2019-07-16 15:34:25]token: ZXlKMGVYQWlPaUpLVjFRaUxDSmhiR2NpT2lKSVV6STFOaUo5LmV5SnBaQ0k2TVN3aWRYTmxjbTVoYldVaU9pSjBiMjU1SWl3aVpYaHdhWEpsWkNJNk1UVTJNekkyTmpBMk5IMC5wTmZtWEVRdWtOX1owMFRYOEpPeVQ3azk3WFdNNmpzNEpOSjBSblJwel9R
[INFO 2019-07-16 15:34:33]邮件发送成功
[INFO 2019-07-16 16:33:39]初始化配置文件, path=D:\PycharmProjects\API_Automation\Conf\config.ini
[INFO 2019-07-16 16:33:39]解析yaml, Path:D:\PycharmProjects\API_Automation/Params/Yaml/Basic.yaml
[INFO 2019-07-16 16:33:39]解析yaml, Path:D:\PycharmProjects\API_Automation/Params/Yaml/Product.yaml
[INFO 2019-07-16 16:33:39]解析yaml, Path:D:\PycharmProjects\API_Automation/Params/Yaml/Product.yaml
[INFO 2019-07-16 16:33:39]解析yaml, Path:D:\PycharmProjects\API_Automation/Params/Yaml/Product.yaml
[DEBUG 2019-07-16 16:33:40]token: ZXlKMGVYQWlPaUpLVjFRaUxDSmhiR2NpT2lKSVV6STFOaUo5LmV5SnBaQ0k2TVN3aWRYTmxjbTVoYldVaU9pSjBiMjU1SWl3aVpYaHdhWEpsWkNJNk1UVTJNekkyT1RZeE9YMC40czhnM090dW5VdzE2dllidGl1UmpVcWlVaGFlQnJseFplZGdPMFVlcFZZ
[DEBUG 2019-07-16 16:33:47]token: ZXlKMGVYQWlPaUpLVjFRaUxDSmhiR2NpT2lKSVV6STFOaUo5LmV5SnBaQ0k2TVN3aWRYTmxjbTVoYldVaU9pSjBiMjU1SWl3aVpYaHdhWEpsWkNJNk1UVTJNekkyT1RZeU4zMC54VTB2TkFJVm1lTmo5N251Z1QtV3hFRGhTeWx0S1NBY3d6cXRuV24wb1FF
[DEBUG 2019-07-16 16:33:59]token: ZXlKMGVYQWlPaUpLVjFRaUxDSmhiR2NpT2lKSVV6STFOaUo5LmV5SnBaQ0k2TVN3aWRYTmxjbTVoYldVaU9pSjBiMjU1SWl3aVpYaHdhWEpsWkNJNk1UVTJNekkyT1RZek9IMC5PMjlmVF80a096NkpCWkdDdUlqaDFCSFk5R1hkcUJVMGhvbDM3RldkYVNr
[INFO 2019-07-16 16:34:09]邮件发送成功
[INFO 2019-07-16 16:34:15]初始化配置文件, path=D:\PycharmProjects\API_Automation\Conf\config.ini
[INFO 2019-07-16 16:34:15]解析yaml, Path:D:\PycharmProjects\API_Automation/Params/Yaml/Basic.yaml
[INFO 2019-07-16 16:34:15]解析yaml, Path:D:\PycharmProjects\API_Automation/Params/Yaml/Product.yaml
[INFO 2019-07-16 16:34:15]解析yaml, Path:D:\PycharmProjects\API_Automation/Params/Yaml/Product.yaml
[INFO 2019-07-16 16:34:15]解析yaml, Path:D:\PycharmProjects\API_Automation/Params/Yaml/Product.yaml
[DEBUG 2019-07-16 16:34:16]token: ZXlKMGVYQWlPaUpLVjFRaUxDSmhiR2NpT2lKSVV6STFOaUo5LmV5SnBaQ0k2TVN3aWRYTmxjbTVoYldVaU9pSjBiMjU1SWl3aVpYaHdhWEpsWkNJNk1UVTJNekkyT1RZMU5uMC5xYi1VR3RrQlNrUVRsbl91VDM5WG96N0hCczJnQzR2X3FHLVNlTUc4OHh3
[DEBUG 2019-07-16 16:34:19]token: ZXlKMGVYQWlPaUpLVjFRaUxDSmhiR2NpT2lKSVV6STFOaUo5LmV5SnBaQ0k2TVN3aWRYTmxjbTVoYldVaU9pSjBiMjU1SWl3aVpYaHdhWEpsWkNJNk1UVTJNekkyT1RZMU9YMC5ER2dDWTd1aGhWNUZtQjZpRGJQYUx4TGVsZnUwX1NHYl8yWFh1WjUteTZV
[DEBUG 2019-07-16 16:34:21]token: ZXlKMGVYQWlPaUpLVjFRaUxDSmhiR2NpT2lKSVV6STFOaUo5LmV5SnBaQ0k2TVN3aWRYTmxjbTVoYldVaU9pSjBiMjU1SWl3aVpYaHdhWEpsWkNJNk1UVTJNekkyT1RZMk1YMC4zRDA0WFA0Y01Dc1o2NHUwRUd2c1hueU5IYTZiSXJzaXZoWG96bWJEOHg0
[INFO 2019-07-16 16:34:30]邮件发送成功
[INFO 2019-07-16 16:35:15]初始化配置文件, path=D:\PycharmProjects\API_Automation\Conf\config.ini
[INFO 2019-07-16 16:35:15]解析yaml, Path:D:\PycharmProjects\API_Automation/Params/Yaml/Basic.yaml
[INFO 2019-07-16 16:35:15]解析yaml, Path:D:\PycharmProjects\API_Automation/Params/Yaml/Product.yaml
[INFO 2019-07-16 16:35:15]解析yaml, Path:D:\PycharmProjects\API_Automation/Params/Yaml/Product.yaml
[INFO 2019-07-16 16:35:15]解析yaml, Path:D:\PycharmProjects\API_Automation/Params/Yaml/Product.yaml
[DEBUG 2019-07-16 16:35:17]token: ZXlKMGVYQWlPaUpLVjFRaUxDSmhiR2NpT2lKSVV6STFOaUo5LmV5SnBaQ0k2TVN3aWRYTmxjbTVoYldVaU9pSjBiMjU1SWl3aVpYaHdhWEpsWkNJNk1UVTJNekkyT1RjeE5uMC5aWExXT2xJLXJBRzhMZTMwazVKb2ZIWUVYM2dDU0JfR1gwMjh2Vmx2S29V
[DEBUG 2019-07-16 16:35:20]token: ZXlKMGVYQWlPaUpLVjFRaUxDSmhiR2NpT2lKSVV6STFOaUo5LmV5SnBaQ0k2TVN3aWRYTmxjbTVoYldVaU9pSjBiMjU1SWl3aVpYaHdhWEpsWkNJNk1UVTJNekkyT1RjeE9YMC5HRGdOVHlLRXR5azNqMmtKVHFIdFprdXVVU0hPSTVhVnpOLWV4NDRkOHQ4
[DEBUG 2019-07-16 16:35:22]token: ZXlKMGVYQWlPaUpLVjFRaUxDSmhiR2NpT2lKSVV6STFOaUo5LmV5SnBaQ0k2TVN3aWRYTmxjbTVoYldVaU9pSjBiMjU1SWl3aVpYaHdhWEpsWkNJNk1UVTJNekkyT1RjeU1YMC5jczhheTg3SWxmYmNZTUhJS3ZNcmRkSW9pM01ZcWhtZFpwY1JYZlZ1dG5B
[INFO 2019-07-16 16:35:29]邮件发送成功
